[      34ms] [WARNING] Error with Permissions-Policy header: Unrecognized feature: 'ambient-light-sensor'. @ :0
[      34ms] [WARNING] Error with Permissions-Policy header: Unrecognized feature: 'battery'. @ :0
[      80ms] [WARNING] Error with Permissions-Policy header: Unrecognized feature: 'ambient-light-sensor'. @ :0
[      80ms] [WARNING] Error with Permissions-Policy header: Unrecognized feature: 'battery'. @ :0
[     124ms] [WARNING] Error with Permissions-Policy header: Unrecognized feature: 'ambient-light-sensor'. @ :0
[     124ms] [WARNING] Error with Permissions-Policy header: Unrecognized feature: 'battery'. @ :0
[    1002ms] [WARNING] <meta name="apple-mobile-web-app-capable" content="yes"> is deprecated. Please include <meta name="mobile-web-app-capable" content="yes"> @ https://ms.portal.azure.com/#view/Microsoft_Azure_Compute/CreateWebAppBlade/subscriptionId/dde02a76-d4a5-4468-8826-d9ff2f8e7c9e/resourceGroupName/tamirdev:0
[    1983ms] [WARNING] Error with Permissions-Policy header: Unrecognized feature: 'ambient-light-sensor'. @ :0
[    1983ms] [WARNING] Error with Permissions-Policy header: Unrecognized feature: 'battery'. @ :0
[    3243ms] [ERROR] [Microsoft_Azure_Compute]  2:24:43 PM MsPortalFx/MsPortalFxEnd MsPortalFxEnd: Couldn't load "_generated/Blades/CreateWebAppBlade"; error code 404 {error: Object} @ https://ms.portal.azure.com/Content/Dynamic/RY7U3rRQMEqR.js:0
[    3406ms] [ERROR] [Microsoft_Azure_Compute]  2:24:43 PM MsPortalFx/MsPortalFxEnd MsPortalFxEnd: data: {"moduleId":"_generated/Blades/CreateWebAppBlade","status":404,"moduleUrl":"https://hosting-ms.portal.azure.net/compute/Content/5.13.393.2412/Scripts/_generated/Blades/CreateWebAppBlade.js?retryAttempt=1.266376445241173","skipLogging":false}
message: Couldn't load "_generated/Blades/CreateWebAppBlade"; error code 404
name: Error
stack: Error: Couldn't load "_generated/Blades/CreateWebAppBlade"; error code 404
    at ye (https://ms.portal.azure.com/Content/Dynamic/DV9PtSHb3ip_.js:24:8823)
    at _e (https://ms.portal.azure.com/Content/Dynamic/DV9PtSHb3ip_.js:24:10021)
    at https://ms.portal.azure.com/Content/Dynamic/DV9PtSHb3ip_.js:24:10176
 {error: Object} @ https://ms.portal.azure.com/Content/Dynamic/RY7U3rRQMEqR.js:0
[    3410ms] [ERROR] [Microsoft_Azure_Compute]  2:24:43 PM MsPortalFx.Base.Diagnostics.ErrorReporter 1 MsPortalFx.Base.Diagnostics.ErrorReporter: baseTypes: ["MsPortalFx.Errors.Error"]
data: {"moduleId":"require 22","status":404,"failedModules":[{"name":"_generated/Blades/CreateWebAppBlade","moduleUrl":"https://hosting-ms.portal.azure.net/compute/Content/5.13.393.2412/Scripts/_generated/Blades/CreateWebAppBlade.js?retryAttempt=1.266376445241173","message":"Couldn't load \"_generated/Blades/CreateWebAppBlade\"; error code 404","status":404}]}
errorLevel: 2
extension: Microsoft_Azure_Compute
innerErrors: ["data: {\"moduleId\":\"require 22\",\"status\":404,\"failedModules\":[{\"name\":\"_generated/Blades/CreateWebAppBlade\",\"moduleUrl\":\"https://hosting-ms.portal.azure.net/compute/Content/5.13.393.2412/Scripts/_generated/Blades/CreateWebAppBlade.js?retryAttempt=1.266376445241173\",\"message\":\"Couldn't load \\\"_generated/Blades/CreateWebAppBlade\\\"; error code 404\",\"status\":404}]}\r\nmessage: Couldn't load \"_generated/Blades/CreateWebAppBlade\"; error code 404\r\nname: Error\r\nstack: Error: Manual require of the following modules failed; [\"_generated/Blades/CreateWebAppBlade\" : {Error: Couldn't load \"_generated/Blades/CreateWebAppBlade\"; error code 404}];\n    at ye (https://ms.portal.azure.com/Content/Dynamic/DV9PtSHb3ip_.js:24:8823)\n    at s (https://ms.portal.azure.com/Content/Dynamic/DV9PtSHb3ip_.js:24:16067)\r\n"]
message: Failed to retrieve the blade definition for 'CreateWebAppBlade' from the server.
Couldn't load "_generated/Blades/CreateWebAppBlade"; error code 404
name: Error
stack: Error: Failed to retrieve the blade definition for 'CreateWebAppBlade' from the server.
Couldn't load "_generated/Blades/CreateWebAppBlade"; error code 404
    at t.createError (https://ms.portal.azure.com/Content/Dynamic/DV9PtSHb3ip_.js:26:6493)
    at R.createError (https://ms.portal.azure.com/Content/Dynamic/DV9PtSHb3ip_.js:24:28993)
    at https://ms.portal.azure.com/Content/Dynamic/lZ4UrWmdbLXO.js:1:4726
From RPC: fx -> Microsoft_Azure_Compute (MsPortalFx.Internal.Constants.RpcMethods.tryEarlyGetViewModel)
(Callstack capturing is not enabled. Use ?trace=diagnostics to enable it.)
timestamp: 3058.8000000044703
type: MsPortalFx.Errors.Error
 {error: Object} @ https://ms.portal.azure.com/Content/Dynamic/RY7U3rRQMEqR.js:0
[    3412ms] [ERROR] [Microsoft_Azure_Compute]  2:24:43 PM MsPortalFx.Base.Diagnostics.ErrorReporter 1 MsPortalFx.Base.Diagnostics.ErrorReporter: baseTypes: ["MsPortalFx.Errors.Error"]
data: {"moduleId":"require 25","status":404,"failedModules":[{"name":"_generated/Blades/CreateWebAppBlade","moduleUrl":"https://hosting-ms.portal.azure.net/compute/Content/5.13.393.2412/Scripts/_generated/Blades/CreateWebAppBlade.js?retryAttempt=1.266376445241173","message":"Couldn't load \"_generated/Blades/CreateWebAppBlade\"; error code 404","status":404}]}
errorLevel: 2
extension: Microsoft_Azure_Compute
innerErrors: ["data: {\"moduleId\":\"require 25\",\"status\":404,\"failedModules\":[{\"name\":\"_generated/Blades/CreateWebAppBlade\",\"moduleUrl\":\"https://hosting-ms.portal.azure.net/compute/Content/5.13.393.2412/Scripts/_generated/Blades/CreateWebAppBlade.js?retryAttempt=1.266376445241173\",\"message\":\"Couldn't load \\\"_generated/Blades/CreateWebAppBlade\\\"; error code 404\",\"status\":404}]}\r\nmessage: Couldn't load \"_generated/Blades/CreateWebAppBlade\"; error code 404\r\nname: Error\r\nstack: Error: Manual require of the following modules failed; [\"_generated/Blades/CreateWebAppBlade\" : {Error: Couldn't load \"_generated/Blades/CreateWebAppBlade\"; error code 404}];\n    at ye (https://ms.portal.azure.com/Content/Dynamic/DV9PtSHb3ip_.js:24:8823)\n    at s (https://ms.portal.azure.com/Content/Dynamic/DV9PtSHb3ip_.js:24:16067)\r\n"]
message: Failed to retrieve the blade definition for 'CreateWebAppBlade' from the server.
Couldn't load "_generated/Blades/CreateWebAppBlade"; error code 404
name: Error
stack: Error: Failed to retrieve the blade definition for 'CreateWebAppBlade' from the server.
Couldn't load "_generated/Blades/CreateWebAppBlade"; error code 404
    at t.createError (https://ms.portal.azure.com/Content/Dynamic/DV9PtSHb3ip_.js:26:6493)
    at R.createError (https://ms.portal.azure.com/Content/Dynamic/DV9PtSHb3ip_.js:24:28993)
    at https://ms.portal.azure.com/Content/Dynamic/lZ4UrWmdbLXO.js:1:4726
From RPC: fx -> Microsoft_Azure_Compute (MsPortalFx.Internal.Constants.RpcMethods.entryPointGetBladeDefinition)
(Callstack capturing is not enabled. Use ?trace=diagnostics to enable it.)
timestamp: 3063.3000000044703
type: MsPortalFx.Errors.Error
 {error: Object} @ https://ms.portal.azure.com/Content/Dynamic/RY7U3rRQMEqR.js:0
[    3415ms] [ERROR] [fx]  2:24:43 PM MsPortalImpl/UI/Compositions/UI.Composition.Blade UI.Composition.Blade: Blade '{ Name: Blade, Type: [0]Microsoft_Azure_Compute-[1]CreateWebAppBlade, Id: Blade-CreateWebAppBlade-1 }' has been turned to error mode. Details: Failed to retrieve the blade definition for 'CreateWebAppBlade' from the server.
Couldn't load "_generated/Blades/CreateWebAppBlade"; error code 404 {error: Object} {details: Failed to retrieve the blade definition for 'Creat…nerated/Blades/CreateWebAppBlade"; error code 404, resourceId: undefined, status: 404, stack: ###_RPC_Exception_###
Error: Failed to retrieve th….azure.com/Content/Dynamic/lZ4UrWmdbLXO.js:1:4726, moduleId: require 25} @ https://ms.portal.azure.com/Content/Dynamic/RY7U3rRQMEqR.js:0
[    3576ms] [ERROR] [fx]  2:24:44 PM MsPortalFx.Base.Diagnostics.ErrorReporter 1 MsPortalFx.Base.Diagnostics.ErrorReporter: baseTypes: ["MsPortalFx.Errors.Error"]
data: {"moduleId":"require 25","status":404,"failedModules":[{"name":"_generated/Blades/CreateWebAppBlade","moduleUrl":"https://hosting-ms.portal.azure.net/compute/Content/5.13.393.2412/Scripts/_generated/Blades/CreateWebAppBlade.js?retryAttempt=1.266376445241173","message":"Couldn't load \"_generated/Blades/CreateWebAppBlade\"; error code 404","status":404}]}
errorLevel: 2
extension: fx
innerErrors: []
message: Failed to retrieve the blade definition for 'CreateWebAppBlade' from the server.
Couldn't load "_generated/Blades/CreateWebAppBlade"; error code 404
name: Error
stack: ###_RPC_Exception_###
Error: Failed to retrieve the blade definition for 'CreateWebAppBlade' from the server.
Couldn't load "_generated/Blades/CreateWebAppBlade"; error code 404
    at t.createError (https://ms.portal.azure.com/Content/Dynamic/DV9PtSHb3ip_.js:26:6493)
    at R.createError (https://ms.portal.azure.com/Content/Dynamic/DV9PtSHb3ip_.js:24:28993)
    at https://ms.portal.azure.com/Content/Dynamic/lZ4UrWmdbLXO.js:1:4726
timestamp: 3310
type: MsPortalFx.Errors.Error
 {error: Object} @ https://ms.portal.azure.com/Content/Dynamic/RY7U3rRQMEqR.js:0
[    3577ms] [ERROR] [fx]  2:24:44 PM MsPortalFx.Base.Diagnostics.ErrorReporter 1 MsPortalFx.Base.Diagnostics.ErrorReporter: baseTypes: ["MsPortalFx.Errors.Error"]
data: {"moduleId":"require 25","status":404,"failedModules":[{"name":"_generated/Blades/CreateWebAppBlade","moduleUrl":"https://hosting-ms.portal.azure.net/compute/Content/5.13.393.2412/Scripts/_generated/Blades/CreateWebAppBlade.js?retryAttempt=1.266376445241173","message":"Couldn't load \"_generated/Blades/CreateWebAppBlade\"; error code 404","status":404}]}
errorLevel: 2
extension: fx
innerErrors: []
message: Failed to retrieve the blade definition for 'CreateWebAppBlade' from the server.
Couldn't load "_generated/Blades/CreateWebAppBlade"; error code 404
name: Error
stack: ###_RPC_Exception_###
Error: Failed to retrieve the blade definition for 'CreateWebAppBlade' from the server.
Couldn't load "_generated/Blades/CreateWebAppBlade"; error code 404
    at t.createError (https://ms.portal.azure.com/Content/Dynamic/DV9PtSHb3ip_.js:26:6493)
    at R.createError (https://ms.portal.azure.com/Content/Dynamic/DV9PtSHb3ip_.js:24:28993)
    at https://ms.portal.azure.com/Content/Dynamic/lZ4UrWmdbLXO.js:1:4726
timestamp: 3310
type: MsPortalFx.Errors.Error
 {error: Object} @ https://ms.portal.azure.com/Content/Dynamic/RY7U3rRQMEqR.js:0
