[     761ms] [WARNING] [ExpLoader] ExperienceLoader: OCDI redirect: Not redirecting - not enabled @ https://teams.microsoft.com/v2/?clientexperience=t2:15
[    1770ms] [WARNING] [ExpLoader] ExperienceLoader: OCDI redirect: Not redirecting - we arrived here due to a client redirect. @ https://teams.cloud.microsoft/?loginHint=tamirdresher%40microsoft.com&ocdiRedirect=core-policy:15
[    3991ms] Uncaught (in promise) Error: Discover::regionGtm::InvalidResponse - groupsServiceV2 is missing in discover response
    at c (https://statics.teams.cdn.office.net/teams-modular-packages/hashed-assets/precompiled-web-worker-inner~services_i-c2de017a0bedadde.worker.js:342:32024)
    at <anonymous> (https://statics.teams.cdn.office.net/teams-modular-packages/hashed-assets/precompiled-web-worker-inner~c-7c10d29047d39dd0.worker.js:17:815703)
[    3991ms] Uncaught (in promise) Error: Discover::regionGtm::InvalidResponse - searchService is missing in discover response
    at c (https://statics.teams.cdn.office.net/teams-modular-packages/hashed-assets/precompiled-web-worker-inner~services_i-c2de017a0bedadde.worker.js:342:32024)
    at <anonymous> (https://statics.teams.cdn.office.net/teams-modular-packages/hashed-assets/precompiled-web-worker-inner~c-7c10d29047d39dd0.worker.js:17:815703)
[    3992ms] Uncaught (in promise) Error: Discover::regionGtm::InvalidResponse - groupsServiceV2 is missing in discover response
    at c (https://statics.teams.cdn.office.net/teams-modular-packages/hashed-assets/precompiled-web-worker-inner~services_i-c2de017a0bedadde.worker.js:342:32024)
    at <anonymous> (https://statics.teams.cdn.office.net/teams-modular-packages/hashed-assets/precompiled-web-worker-inner~c-7c10d29047d39dd0.worker.js:17:815703)
[    3993ms] Uncaught (in promise) Error: Discover::regionGtm::InvalidResponse - consumerLicenses is missing in discover response
    at c (https://statics.teams.cdn.office.net/teams-modular-packages/hashed-assets/precompiled-web-worker-inner~services_i-c2de017a0bedadde.worker.js:342:32024)
    at <anonymous> (https://statics.teams.cdn.office.net/teams-modular-packages/hashed-assets/precompiled-web-worker-inner~c-7c10d29047d39dd0.worker.js:17:815703)
[    4280ms] [WARNING] getSerializedKeyForKeypath returned undefined key in InMemoryIndex for table: replychains, with index: undefined @ https://statics.teams.cdn.office.net/teams-modular-packages/hashed-assets/precompiled-web-worker-inner~i-0424047bbf465f8b.worker.js:60
[    4280ms] [WARNING] getSerializedKeyForKeypath returned undefined key in InMemoryIndex for table: replychains, with index: latestDeliveryTimeByConversationId @ https://statics.teams.cdn.office.net/teams-modular-packages/hashed-assets/precompiled-web-worker-inner~i-0424047bbf465f8b.worker.js:60
[    4280ms] [WARNING] getSerializedKeyForKeypath returned undefined key in InMemoryIndex for table: replychains, with index: latestDeliveryTimeByConversationId @ https://statics.teams.cdn.office.net/teams-modular-packages/hashed-assets/precompiled-web-worker-inner~i-0424047bbf465f8b.worker.js:60
[    4280ms] [WARNING] getSerializedKeyForKeypath returned undefined key in InMemoryIndex for table: replychains, with index: undefined @ https://statics.teams.cdn.office.net/teams-modular-packages/hashed-assets/precompiled-web-worker-inner~i-0424047bbf465f8b.worker.js:60
[    4280ms] [WARNING] getSerializedKeyForKeypath returned undefined key in InMemoryIndex for table: replychains, with index: latestDeliveryTimeByConversationId @ https://statics.teams.cdn.office.net/teams-modular-packages/hashed-assets/precompiled-web-worker-inner~i-0424047bbf465f8b.worker.js:60
[    4280ms] [WARNING] getSerializedKeyForKeypath returned undefined key in InMemoryIndex for table: replychains, with index: latestDeliveryTimeByConversationId @ https://statics.teams.cdn.office.net/teams-modular-packages/hashed-assets/precompiled-web-worker-inner~i-0424047bbf465f8b.worker.js:60
[    4281ms] [WARNING] getSerializedKeyForKeypath returned undefined key in InMemoryIndex for table: replychains, with index: undefined @ https://statics.teams.cdn.office.net/teams-modular-packages/hashed-assets/precompiled-web-worker-inner~i-0424047bbf465f8b.worker.js:60
[    4281ms] [WARNING] getSerializedKeyForKeypath returned undefined key in InMemoryIndex for table: replychains, with index: latestDeliveryTimeByConversationId @ https://statics.teams.cdn.office.net/teams-modular-packages/hashed-assets/precompiled-web-worker-inner~i-0424047bbf465f8b.worker.js:60
[    4281ms] [WARNING] getSerializedKeyForKeypath returned undefined key in InMemoryIndex for table: replychains, with index: latestDeliveryTimeByConversationId @ https://statics.teams.cdn.office.net/teams-modular-packages/hashed-assets/precompiled-web-worker-inner~i-0424047bbf465f8b.worker.js:60
[    4281ms] [WARNING] getSerializedKeyForKeypath returned undefined key in InMemoryIndex for table: replychains, with index: undefined @ https://statics.teams.cdn.office.net/teams-modular-packages/hashed-assets/precompiled-web-worker-inner~i-0424047bbf465f8b.worker.js:60
[    4281ms] [WARNING] getSerializedKeyForKeypath returned undefined key in InMemoryIndex for table: replychains, with index: latestDeliveryTimeByConversationId @ https://statics.teams.cdn.office.net/teams-modular-packages/hashed-assets/precompiled-web-worker-inner~i-0424047bbf465f8b.worker.js:60
[    4281ms] [WARNING] getSerializedKeyForKeypath returned undefined key in InMemoryIndex for table: replychains, with index: latestDeliveryTimeByConversationId @ https://statics.teams.cdn.office.net/teams-modular-packages/hashed-assets/precompiled-web-worker-inner~i-0424047bbf465f8b.worker.js:60
[    4281ms] [WARNING] getSerializedKeyForKeypath returned undefined key in InMemoryIndex for table: replychains, with index: undefined @ https://statics.teams.cdn.office.net/teams-modular-packages/hashed-assets/precompiled-web-worker-inner~i-0424047bbf465f8b.worker.js:60
[    4281ms] [WARNING] getSerializedKeyForKeypath returned undefined key in InMemoryIndex for table: replychains, with index: latestDeliveryTimeByConversationId @ https://statics.teams.cdn.office.net/teams-modular-packages/hashed-assets/precompiled-web-worker-inner~i-0424047bbf465f8b.worker.js:60
[    4281ms] [WARNING] getSerializedKeyForKeypath returned undefined key in InMemoryIndex for table: replychains, with index: latestDeliveryTimeByConversationId @ https://statics.teams.cdn.office.net/teams-modular-packages/hashed-assets/precompiled-web-worker-inner~i-0424047bbf465f8b.worker.js:60
[    4281ms] [WARNING] getSerializedKeyForKeypath returned undefined key in InMemoryIndex for table: replychains, with index: undefined @ https://statics.teams.cdn.office.net/teams-modular-packages/hashed-assets/precompiled-web-worker-inner~i-0424047bbf465f8b.worker.js:60
[    4281ms] [WARNING] getSerializedKeyForKeypath returned undefined key in InMemoryIndex for table: replychains, with index: latestDeliveryTimeByConversationId @ https://statics.teams.cdn.office.net/teams-modular-packages/hashed-assets/precompiled-web-worker-inner~i-0424047bbf465f8b.worker.js:60
[    4281ms] [WARNING] getSerializedKeyForKeypath returned undefined key in InMemoryIndex for table: replychains, with index: latestDeliveryTimeByConversationId @ https://statics.teams.cdn.office.net/teams-modular-packages/hashed-assets/precompiled-web-worker-inner~i-0424047bbf465f8b.worker.js:60
[    4281ms] [WARNING] getSerializedKeyForKeypath returned undefined key in InMemoryIndex for table: replychains, with index: undefined @ https://statics.teams.cdn.office.net/teams-modular-packages/hashed-assets/precompiled-web-worker-inner~i-0424047bbf465f8b.worker.js:60
[    4281ms] [WARNING] getSerializedKeyForKeypath returned undefined key in InMemoryIndex for table: replychains, with index: latestDeliveryTimeByConversationId @ https://statics.teams.cdn.office.net/teams-modular-packages/hashed-assets/precompiled-web-worker-inner~i-0424047bbf465f8b.worker.js:60
[    4281ms] [WARNING] getSerializedKeyForKeypath returned undefined key in InMemoryIndex for table: replychains, with index: latestDeliveryTimeByConversationId @ https://statics.teams.cdn.office.net/teams-modular-packages/hashed-assets/precompiled-web-worker-inner~i-0424047bbf465f8b.worker.js:60
[    4281ms] [WARNING] getSerializedKeyForKeypath returned undefined key in InMemoryIndex for table: replychains, with index: undefined @ https://statics.teams.cdn.office.net/teams-modular-packages/hashed-assets/precompiled-web-worker-inner~i-0424047bbf465f8b.worker.js:60
[    4281ms] [WARNING] getSerializedKeyForKeypath returned undefined key in InMemoryIndex for table: replychains, with index: latestDeliveryTimeByConversationId @ https://statics.teams.cdn.office.net/teams-modular-packages/hashed-assets/precompiled-web-worker-inner~i-0424047bbf465f8b.worker.js:60
[    4281ms] [WARNING] getSerializedKeyForKeypath returned undefined key in InMemoryIndex for table: replychains, with index: latestDeliveryTimeByConversationId @ https://statics.teams.cdn.office.net/teams-modular-packages/hashed-assets/precompiled-web-worker-inner~i-0424047bbf465f8b.worker.js:60
[    4281ms] [WARNING] getSerializedKeyForKeypath returned undefined key in InMemoryIndex for table: replychains, with index: undefined @ https://statics.teams.cdn.office.net/teams-modular-packages/hashed-assets/precompiled-web-worker-inner~i-0424047bbf465f8b.worker.js:60
[    4281ms] [WARNING] getSerializedKeyForKeypath returned undefined key in InMemoryIndex for table: replychains, with index: latestDeliveryTimeByConversationId @ https://statics.teams.cdn.office.net/teams-modular-packages/hashed-assets/precompiled-web-worker-inner~i-0424047bbf465f8b.worker.js:60
[    4281ms] [WARNING] getSerializedKeyForKeypath returned undefined key in InMemoryIndex for table: replychains, with index: latestDeliveryTimeByConversationId @ https://statics.teams.cdn.office.net/teams-modular-packages/hashed-assets/precompiled-web-worker-inner~i-0424047bbf465f8b.worker.js:60
[    4281ms] [WARNING] getSerializedKeyForKeypath returned undefined key in InMemoryIndex for table: replychains, with index: undefined @ https://statics.teams.cdn.office.net/teams-modular-packages/hashed-assets/precompiled-web-worker-inner~i-0424047bbf465f8b.worker.js:60
[    4281ms] [WARNING] getSerializedKeyForKeypath returned undefined key in InMemoryIndex for table: replychains, with index: latestDeliveryTimeByConversationId @ https://statics.teams.cdn.office.net/teams-modular-packages/hashed-assets/precompiled-web-worker-inner~i-0424047bbf465f8b.worker.js:60
[    4281ms] [WARNING] getSerializedKeyForKeypath returned undefined key in InMemoryIndex for table: replychains, with index: latestDeliveryTimeByConversationId @ https://statics.teams.cdn.office.net/teams-modular-packages/hashed-assets/precompiled-web-worker-inner~i-0424047bbf465f8b.worker.js:60
[    4281ms] [WARNING] getSerializedKeyForKeypath returned undefined key in InMemoryIndex for table: replychains, with index: undefined @ https://statics.teams.cdn.office.net/teams-modular-packages/hashed-assets/precompiled-web-worker-inner~i-0424047bbf465f8b.worker.js:60
[    4281ms] [WARNING] getSerializedKeyForKeypath returned undefined key in InMemoryIndex for table: replychains, with index: latestDeliveryTimeByConversationId @ https://statics.teams.cdn.office.net/teams-modular-packages/hashed-assets/precompiled-web-worker-inner~i-0424047bbf465f8b.worker.js:60
[    4281ms] [WARNING] getSerializedKeyForKeypath returned undefined key in InMemoryIndex for table: replychains, with index: latestDeliveryTimeByConversationId @ https://statics.teams.cdn.office.net/teams-modular-packages/hashed-assets/precompiled-web-worker-inner~i-0424047bbf465f8b.worker.js:60
[    4282ms] [WARNING] getSerializedKeyForKeypath returned undefined key in InMemoryIndex for table: replychains, with index: undefined @ https://statics.teams.cdn.office.net/teams-modular-packages/hashed-assets/precompiled-web-worker-inner~i-0424047bbf465f8b.worker.js:60
[    4282ms] [WARNING] getSerializedKeyForKeypath returned undefined key in InMemoryIndex for table: replychains, with index: latestDeliveryTimeByConversationId @ https://statics.teams.cdn.office.net/teams-modular-packages/hashed-assets/precompiled-web-worker-inner~i-0424047bbf465f8b.worker.js:60
[    4282ms] [WARNING] getSerializedKeyForKeypath returned undefined key in InMemoryIndex for table: replychains, with index: latestDeliveryTimeByConversationId @ https://statics.teams.cdn.office.net/teams-modular-packages/hashed-assets/precompiled-web-worker-inner~i-0424047bbf465f8b.worker.js:60
[    4282ms] [WARNING] getSerializedKeyForKeypath returned undefined key in InMemoryIndex for table: replychains, with index: undefined @ https://statics.teams.cdn.office.net/teams-modular-packages/hashed-assets/precompiled-web-worker-inner~i-0424047bbf465f8b.worker.js:60
[    4282ms] [WARNING] getSerializedKeyForKeypath returned undefined key in InMemoryIndex for table: replychains, with index: latestDeliveryTimeByConversationId @ https://statics.teams.cdn.office.net/teams-modular-packages/hashed-assets/precompiled-web-worker-inner~i-0424047bbf465f8b.worker.js:60
[    4282ms] [WARNING] getSerializedKeyForKeypath returned undefined key in InMemoryIndex for table: replychains, with index: latestDeliveryTimeByConversationId @ https://statics.teams.cdn.office.net/teams-modular-packages/hashed-assets/precompiled-web-worker-inner~i-0424047bbf465f8b.worker.js:60
[    4282ms] [WARNING] getSerializedKeyForKeypath returned undefined key in InMemoryIndex for table: replychains, with index: undefined @ https://statics.teams.cdn.office.net/teams-modular-packages/hashed-assets/precompiled-web-worker-inner~i-0424047bbf465f8b.worker.js:60
[    4282ms] [WARNING] getSerializedKeyForKeypath returned undefined key in InMemoryIndex for table: replychains, with index: latestDeliveryTimeByConversationId @ https://statics.teams.cdn.office.net/teams-modular-packages/hashed-assets/precompiled-web-worker-inner~i-0424047bbf465f8b.worker.js:60
[    4282ms] [WARNING] getSerializedKeyForKeypath returned undefined key in InMemoryIndex for table: replychains, with index: latestDeliveryTimeByConversationId @ https://statics.teams.cdn.office.net/teams-modular-packages/hashed-assets/precompiled-web-worker-inner~i-0424047bbf465f8b.worker.js:60
[    4282ms] [WARNING] getSerializedKeyForKeypath returned undefined key in InMemoryIndex for table: replychains, with index: undefined @ https://statics.teams.cdn.office.net/teams-modular-packages/hashed-assets/precompiled-web-worker-inner~i-0424047bbf465f8b.worker.js:60
[    4282ms] [WARNING] getSerializedKeyForKeypath returned undefined key in InMemoryIndex for table: replychains, with index: latestDeliveryTimeByConversationId @ https://statics.teams.cdn.office.net/teams-modular-packages/hashed-assets/precompiled-web-worker-inner~i-0424047bbf465f8b.worker.js:60
[    4282ms] [WARNING] getSerializedKeyForKeypath returned undefined key in InMemoryIndex for table: replychains, with index: latestDeliveryTimeByConversationId @ https://statics.teams.cdn.office.net/teams-modular-packages/hashed-assets/precompiled-web-worker-inner~i-0424047bbf465f8b.worker.js:60
[    4282ms] [WARNING] getSerializedKeyForKeypath returned undefined key in InMemoryIndex for table: replychains, with index: undefined @ https://statics.teams.cdn.office.net/teams-modular-packages/hashed-assets/precompiled-web-worker-inner~i-0424047bbf465f8b.worker.js:60
[    4282ms] [WARNING] getSerializedKeyForKeypath returned undefined key in InMemoryIndex for table: replychains, with index: latestDeliveryTimeByConversationId @ https://statics.teams.cdn.office.net/teams-modular-packages/hashed-assets/precompiled-web-worker-inner~i-0424047bbf465f8b.worker.js:60
[    4282ms] [WARNING] getSerializedKeyForKeypath returned undefined key in InMemoryIndex for table: replychains, with index: latestDeliveryTimeByConversationId @ https://statics.teams.cdn.office.net/teams-modular-packages/hashed-assets/precompiled-web-worker-inner~i-0424047bbf465f8b.worker.js:60
[    4282ms] [WARNING] getSerializedKeyForKeypath returned undefined key in InMemoryIndex for table: replychains, with index: undefined @ https://statics.teams.cdn.office.net/teams-modular-packages/hashed-assets/precompiled-web-worker-inner~i-0424047bbf465f8b.worker.js:60
[    4282ms] [WARNING] getSerializedKeyForKeypath returned undefined key in InMemoryIndex for table: replychains, with index: latestDeliveryTimeByConversationId @ https://statics.teams.cdn.office.net/teams-modular-packages/hashed-assets/precompiled-web-worker-inner~i-0424047bbf465f8b.worker.js:60
[    4282ms] [WARNING] getSerializedKeyForKeypath returned undefined key in InMemoryIndex for table: replychains, with index: latestDeliveryTimeByConversationId @ https://statics.teams.cdn.office.net/teams-modular-packages/hashed-assets/precompiled-web-worker-inner~i-0424047bbf465f8b.worker.js:60
[    4282ms] [WARNING] getSerializedKeyForKeypath returned undefined key in InMemoryIndex for table: replychains, with index: undefined @ https://statics.teams.cdn.office.net/teams-modular-packages/hashed-assets/precompiled-web-worker-inner~i-0424047bbf465f8b.worker.js:60
[    4282ms] [WARNING] getSerializedKeyForKeypath returned undefined key in InMemoryIndex for table: replychains, with index: latestDeliveryTimeByConversationId @ https://statics.teams.cdn.office.net/teams-modular-packages/hashed-assets/precompiled-web-worker-inner~i-0424047bbf465f8b.worker.js:60
[    4282ms] [WARNING] getSerializedKeyForKeypath returned undefined key in InMemoryIndex for table: replychains, with index: latestDeliveryTimeByConversationId @ https://statics.teams.cdn.office.net/teams-modular-packages/hashed-assets/precompiled-web-worker-inner~i-0424047bbf465f8b.worker.js:60
[    4282ms] [WARNING] getSerializedKeyForKeypath returned undefined key in InMemoryIndex for table: replychains, with index: undefined @ https://statics.teams.cdn.office.net/teams-modular-packages/hashed-assets/precompiled-web-worker-inner~i-0424047bbf465f8b.worker.js:60
[    4282ms] [WARNING] getSerializedKeyForKeypath returned undefined key in InMemoryIndex for table: replychains, with index: latestDeliveryTimeByConversationId @ https://statics.teams.cdn.office.net/teams-modular-packages/hashed-assets/precompiled-web-worker-inner~i-0424047bbf465f8b.worker.js:60
[    4282ms] [WARNING] getSerializedKeyForKeypath returned undefined key in InMemoryIndex for table: replychains, with index: latestDeliveryTimeByConversationId @ https://statics.teams.cdn.office.net/teams-modular-packages/hashed-assets/precompiled-web-worker-inner~i-0424047bbf465f8b.worker.js:60
[    4283ms] [WARNING] getSerializedKeyForKeypath returned undefined key in InMemoryIndex for table: replychains, with index: undefined @ https://statics.teams.cdn.office.net/teams-modular-packages/hashed-assets/precompiled-web-worker-inner~i-0424047bbf465f8b.worker.js:60
[    4283ms] [WARNING] getSerializedKeyForKeypath returned undefined key in InMemoryIndex for table: replychains, with index: latestDeliveryTimeByConversationId @ https://statics.teams.cdn.office.net/teams-modular-packages/hashed-assets/precompiled-web-worker-inner~i-0424047bbf465f8b.worker.js:60
[    6377ms] Uncaught (in promise) Error: Invalid id undefined
    at getConversation (https://statics.teams.cdn.office.net/teams-modular-packages/hashed-assets/precompiled-web-worker-inner~b-f043c6cec830d4e0.worker.js:37:81376)
    at processRealtimeMessage (https://statics.teams.cdn.office.net/teams-modular-packages/hashed-assets/precompiled-web-worker-inner~b-f043c6cec830d4e0.worker.js:42:24263)
[   11205ms] [WARNING] getSerializedKeyForKeypath returned undefined key in InMemoryIndex for table: profiles, with index: email @ https://statics.teams.cdn.office.net/teams-modular-packages/hashed-assets/precompiled-web-worker-inner~i-0424047bbf465f8b.worker.js:60
[   11457ms] [WARNING] getSerializedKeyForKeypath returned undefined key in InMemoryIndex for table: profiles, with index: email @ https://statics.teams.cdn.office.net/teams-modular-packages/hashed-assets/precompiled-web-worker-inner~i-0424047bbf465f8b.worker.js:60
[   11494ms] [WARNING] The icon "vNextCancel" tried to unregister but was not registered. @ https://teams.cloud.microsoft/?loginHint=tamirdresher%40microsoft.com&ocdiRedirect=core-policy:15
[   11494ms] [WARNING] The icon "vNextChat" tried to unregister but was not registered. @ https://teams.cloud.microsoft/?loginHint=tamirdresher%40microsoft.com&ocdiRedirect=core-policy:15
[   11494ms] [WARNING] The icon "vNextCopy" tried to unregister but was not registered. @ https://teams.cloud.microsoft/?loginHint=tamirdresher%40microsoft.com&ocdiRedirect=core-policy:15
[   11494ms] [WARNING] The icon "vNextPhone" tried to unregister but was not registered. @ https://teams.cloud.microsoft/?loginHint=tamirdresher%40microsoft.com&ocdiRedirect=core-policy:15
[   11494ms] [WARNING] The icon "vNextAddFriend" tried to unregister but was not registered. @ https://teams.cloud.microsoft/?loginHint=tamirdresher%40microsoft.com&ocdiRedirect=core-policy:15
[   11494ms] [WARNING] The icon "vNextDocument" tried to unregister but was not registered. @ https://teams.cloud.microsoft/?loginHint=tamirdresher%40microsoft.com&ocdiRedirect=core-policy:15
[   11494ms] [WARNING] The icon "vNextEdit" tried to unregister but was not registered. @ https://teams.cloud.microsoft/?loginHint=tamirdresher%40microsoft.com&ocdiRedirect=core-policy:15
[   11494ms] [WARNING] The icon "vNextEmoji" tried to unregister but was not registered. @ https://teams.cloud.microsoft/?loginHint=tamirdresher%40microsoft.com&ocdiRedirect=core-policy:15
[   11494ms] [WARNING] The icon "vNextOrg" tried to unregister but was not registered. @ https://teams.cloud.microsoft/?loginHint=tamirdresher%40microsoft.com&ocdiRedirect=core-policy:15
[   11494ms] [WARNING] The icon "vNextSend" tried to unregister but was not registered. @ https://teams.cloud.microsoft/?loginHint=tamirdresher%40microsoft.com&ocdiRedirect=core-policy:15
[   11494ms] [WARNING] The icon "vNextVideo" tried to unregister but was not registered. @ https://teams.cloud.microsoft/?loginHint=tamirdresher%40microsoft.com&ocdiRedirect=core-policy:15
[   11494ms] [WARNING] The icon "vNextChevronDown" tried to unregister but was not registered. @ https://teams.cloud.microsoft/?loginHint=tamirdresher%40microsoft.com&ocdiRedirect=core-policy:15
[   11494ms] [WARNING] The icon "vNextChevronLeft" tried to unregister but was not registered. @ https://teams.cloud.microsoft/?loginHint=tamirdresher%40microsoft.com&ocdiRedirect=core-policy:15
[   11495ms] [WARNING] The icon "vNextChevronRight" tried to unregister but was not registered. @ https://teams.cloud.microsoft/?loginHint=tamirdresher%40microsoft.com&ocdiRedirect=core-policy:15
[   11495ms] [WARNING] The icon "vNextOpen" tried to unregister but was not registered. @ https://teams.cloud.microsoft/?loginHint=tamirdresher%40microsoft.com&ocdiRedirect=core-policy:15
[   11495ms] [WARNING] The icon "vNextAdd" tried to unregister but was not registered. @ https://teams.cloud.microsoft/?loginHint=tamirdresher%40microsoft.com&ocdiRedirect=core-policy:15
[   11495ms] [WARNING] The icon "vNextAttach" tried to unregister but was not registered. @ https://teams.cloud.microsoft/?loginHint=tamirdresher%40microsoft.com&ocdiRedirect=core-policy:15
[   11495ms] [WARNING] The icon "vNextBalloons" tried to unregister but was not registered. @ https://teams.cloud.microsoft/?loginHint=tamirdresher%40microsoft.com&ocdiRedirect=core-policy:15
[   11495ms] [WARNING] The icon "vNextCalendar" tried to unregister but was not registered. @ https://teams.cloud.microsoft/?loginHint=tamirdresher%40microsoft.com&ocdiRedirect=core-policy:15
[   11495ms] [WARNING] The icon "vNextCamera" tried to unregister but was not registered. @ https://teams.cloud.microsoft/?loginHint=tamirdresher%40microsoft.com&ocdiRedirect=core-policy:15
[   11495ms] [WARNING] The icon "vNextCheckMark" tried to unregister but was not registered. @ https://teams.cloud.microsoft/?loginHint=tamirdresher%40microsoft.com&ocdiRedirect=core-policy:15
[   11495ms] [WARNING] The icon "vNextCityNext" tried to unregister but was not registered. @ https://teams.cloud.microsoft/?loginHint=tamirdresher%40microsoft.com&ocdiRedirect=core-policy:15
[   11495ms] [WARNING] The icon "vNextContact" tried to unregister but was not registered. @ https://teams.cloud.microsoft/?loginHint=tamirdresher%40microsoft.com&ocdiRedirect=core-policy:15
[   11495ms] [WARNING] The icon "vNextContactCard" tried to unregister but was not registered. @ https://teams.cloud.microsoft/?loginHint=tamirdresher%40microsoft.com&ocdiRedirect=core-policy:15
[   11495ms] [WARNING] The icon "vNextGlobe" tried to unregister but was not registered. @ https://teams.cloud.microsoft/?loginHint=tamirdresher%40microsoft.com&ocdiRedirect=core-policy:15
[   11495ms] [WARNING] The icon "vNextGroup" tried to unregister but was not registered. @ https://teams.cloud.microsoft/?loginHint=tamirdresher%40microsoft.com&ocdiRedirect=core-policy:15
[   11495ms] [WARNING] The icon "vNextInfo" tried to unregister but was not registered. @ https://teams.cloud.microsoft/?loginHint=tamirdresher%40microsoft.com&ocdiRedirect=core-policy:15
[   11495ms] [WARNING] The icon "vNextLink" tried to unregister but was not registered. @ https://teams.cloud.microsoft/?loginHint=tamirdresher%40microsoft.com&ocdiRedirect=core-policy:15
[   11495ms] [WARNING] The icon "vNextLinkedInLogo" tried to unregister but was not registered. @ https://teams.cloud.microsoft/?loginHint=tamirdresher%40microsoft.com&ocdiRedirect=core-policy:15
[   11495ms] [WARNING] The icon "vNextPoi" tried to unregister but was not registered. @ https://teams.cloud.microsoft/?loginHint=tamirdresher%40microsoft.com&ocdiRedirect=core-policy:15
[   11495ms] [WARNING] The icon "vNextMail" tried to unregister but was not registered. @ https://teams.cloud.microsoft/?loginHint=tamirdresher%40microsoft.com&ocdiRedirect=core-policy:15
[   11495ms] [WARNING] The icon "vNextMore" tried to unregister but was not registered. @ https://teams.cloud.microsoft/?loginHint=tamirdresher%40microsoft.com&ocdiRedirect=core-policy:15
[   11495ms] [WARNING] The icon "vNextOutOfOffice" tried to unregister but was not registered. @ https://teams.cloud.microsoft/?loginHint=tamirdresher%40microsoft.com&ocdiRedirect=core-policy:15
[   11495ms] [WARNING] The icon "vNextPage" tried to unregister but was not registered. @ https://teams.cloud.microsoft/?loginHint=tamirdresher%40microsoft.com&ocdiRedirect=core-policy:15
[   11495ms] [WARNING] The icon "vNextPeople" tried to unregister but was not registered. @ https://teams.cloud.microsoft/?loginHint=tamirdresher%40microsoft.com&ocdiRedirect=core-policy:15
[   11496ms] [WARNING] The icon "vNextPersonEdit" tried to unregister but was not registered. @ https://teams.cloud.microsoft/?loginHint=tamirdresher%40microsoft.com&ocdiRedirect=core-policy:15
[   11496ms] [WARNING] The icon "vNextPersonFolder" tried to unregister but was not registered. @ https://teams.cloud.microsoft/?loginHint=tamirdresher%40microsoft.com&ocdiRedirect=core-policy:15
[   11496ms] [WARNING] The icon "vNextPlannerLogo" tried to unregister but was not registered. @ https://teams.cloud.microsoft/?loginHint=tamirdresher%40microsoft.com&ocdiRedirect=core-policy:15
[   11496ms] [WARNING] The icon "vNextQuickNote" tried to unregister but was not registered. @ https://teams.cloud.microsoft/?loginHint=tamirdresher%40microsoft.com&ocdiRedirect=core-policy:15
[   11496ms] [WARNING] The icon "vNextRibbon" tried to unregister but was not registered. @ https://teams.cloud.microsoft/?loginHint=tamirdresher%40microsoft.com&ocdiRedirect=core-policy:15
[   11496ms] [WARNING] The icon "vNextSearch" tried to unregister but was not registered. @ https://teams.cloud.microsoft/?loginHint=tamirdresher%40microsoft.com&ocdiRedirect=core-policy:15
[   11496ms] [WARNING] The icon "vNextShare" tried to unregister but was not registered. @ https://teams.cloud.microsoft/?loginHint=tamirdresher%40microsoft.com&ocdiRedirect=core-policy:15
[   11496ms] [WARNING] getSerializedKeyForKeypath returned undefined key in InMemoryIndex for table: profiles, with index: email @ https://statics.teams.cdn.office.net/teams-modular-packages/hashed-assets/precompiled-web-worker-inner~i-0424047bbf465f8b.worker.js:60
[   11497ms] [WARNING] The icon "vNextBack" tried to unregister but was not registered. @ https://teams.cloud.microsoft/?loginHint=tamirdresher%40microsoft.com&ocdiRedirect=core-policy:15
[   11497ms] [WARNING] The icon "vNextClear" tried to unregister but was not registered. @ https://teams.cloud.microsoft/?loginHint=tamirdresher%40microsoft.com&ocdiRedirect=core-policy:15
[   11497ms] [WARNING] The icon "vNextAccept" tried to unregister but was not registered. @ https://teams.cloud.microsoft/?loginHint=tamirdresher%40microsoft.com&ocdiRedirect=core-policy:15
[   11497ms] [WARNING] The icon "vNextAccounts" tried to unregister but was not registered. @ https://teams.cloud.microsoft/?loginHint=tamirdresher%40microsoft.com&ocdiRedirect=core-policy:15
[   11497ms] [WARNING] The icon "vNextBank" tried to unregister but was not registered. @ https://teams.cloud.microsoft/?loginHint=tamirdresher%40microsoft.com&ocdiRedirect=core-policy:15
[   11497ms] [WARNING] The icon "vNextBirthdayCake" tried to unregister but was not registered. @ https://teams.cloud.microsoft/?loginHint=tamirdresher%40microsoft.com&ocdiRedirect=core-policy:15
[   11497ms] [WARNING] The icon "Blank" tried to unregister but was not registered. @ https://teams.cloud.microsoft/?loginHint=tamirdresher%40microsoft.com&ocdiRedirect=core-policy:15
[   11497ms] [WARNING] The icon "vNextBlockContact" tried to unregister but was not registered. @ https://teams.cloud.microsoft/?loginHint=tamirdresher%40microsoft.com&ocdiRedirect=core-policy:15
[   11497ms] [WARNING] The icon "vNextBuildingBankToolbox" tried to unregister but was not registered. @ https://teams.cloud.microsoft/?loginHint=tamirdresher%40microsoft.com&ocdiRedirect=core-policy:15
[   11497ms] [WARNING] The icon "vNextBuildingMultiple" tried to unregister but was not registered. @ https://teams.cloud.microsoft/?loginHint=tamirdresher%40microsoft.com&ocdiRedirect=core-policy:15
[   11497ms] [WARNING] The icon "vNextBuildingPeople" tried to unregister but was not registered. @ https://teams.cloud.microsoft/?loginHint=tamirdresher%40microsoft.com&ocdiRedirect=core-policy:15
[   11497ms] [WARNING] The icon "vNextCalendarLtr" tried to unregister but was not registered. @ https://teams.cloud.microsoft/?loginHint=tamirdresher%40microsoft.com&ocdiRedirect=core-policy:15
[   11497ms] [WARNING] The icon "vNextCalendarStar" tried to unregister but was not registered. @ https://teams.cloud.microsoft/?loginHint=tamirdresher%40microsoft.com&ocdiRedirect=core-policy:15
[   11497ms] [WARNING] The icon "vNextCardUi" tried to unregister but was not registered. @ https://teams.cloud.microsoft/?loginHint=tamirdresher%40microsoft.com&ocdiRedirect=core-policy:15
[   11497ms] [WARNING] The icon "vNextCellPhone" tried to unregister but was not registered. @ https://teams.cloud.microsoft/?loginHint=tamirdresher%40microsoft.com&ocdiRedirect=core-policy:15
[   11497ms] [WARNING] The icon "vNextChartPerson" tried to unregister but was not registered. @ https://teams.cloud.microsoft/?loginHint=tamirdresher%40microsoft.com&ocdiRedirect=core-policy:15
[   11498ms] [WARNING] The icon "vNextCityNext2" tried to unregister but was not registered. @ https://teams.cloud.microsoft/?loginHint=tamirdresher%40microsoft.com&ocdiRedirect=core-policy:15
[   11498ms] [WARNING] The icon "vNextClock" tried to unregister but was not registered. @ https://teams.cloud.microsoft/?loginHint=tamirdresher%40microsoft.com&ocdiRedirect=core-policy:15
[   11498ms] [WARNING] The icon "vNextClockToolbox" tried to unregister but was not registered. @ https://teams.cloud.microsoft/?loginHint=tamirdresher%40microsoft.com&ocdiRedirect=core-policy:15
[   11498ms] [WARNING] The icon "vNextCompleted" tried to unregister but was not registered. @ https://teams.cloud.microsoft/?loginHint=tamirdresher%40microsoft.com&ocdiRedirect=core-policy:15
[   11498ms] [WARNING] The icon "vNextContactCard" tried to unregister but was not registered. @ https://teams.cloud.microsoft/?loginHint=tamirdresher%40microsoft.com&ocdiRedirect=core-policy:15
[   11498ms] [WARNING] The icon "vNextContactCardRibbon" tried to unregister but was not registered. @ https://teams.cloud.microsoft/?loginHint=tamirdresher%40microsoft.com&ocdiRedirect=core-policy:15
[   11498ms] [WARNING] The icon "vNextDateTime" tried to unregister but was not registered. @ https://teams.cloud.microsoft/?loginHint=tamirdresher%40microsoft.com&ocdiRedirect=core-policy:15
[   11498ms] [WARNING] The icon "vNextDelete" tried to unregister but was not registered. @ https://teams.cloud.microsoft/?loginHint=tamirdresher%40microsoft.com&ocdiRedirect=core-policy:15
[   11498ms] [WARNING] The icon "vNextDesk" tried to unregister but was not registered. @ https://teams.cloud.microsoft/?loginHint=tamirdresher%40microsoft.com&ocdiRedirect=core-policy:15
[   11498ms] [WARNING] The icon "vNextDesktopToolbox" tried to unregister but was not registered. @ https://teams.cloud.microsoft/?loginHint=tamirdresher%40microsoft.com&ocdiRedirect=core-policy:15
[   11498ms] [WARNING] The icon "vNextDeveloperTools" tried to unregister but was not registered. @ https://teams.cloud.microsoft/?loginHint=tamirdresher%40microsoft.com&ocdiRedirect=core-policy:15
[   11498ms] [WARNING] The icon "vNextDeviceMeetingRoom" tried to unregister but was not registered. @ https://teams.cloud.microsoft/?loginHint=tamirdresher%40microsoft.com&ocdiRedirect=core-policy:15
[   11498ms] [WARNING] The icon "vNextDeviceMeetingRoomRemote" tried to unregister but was not registered. @ https://teams.cloud.microsoft/?loginHint=tamirdresher%40microsoft.com&ocdiRedirect=core-policy:15
[   11498ms] [WARNING] The icon "vNextDismissCircle" tried to unregister but was not registered. @ https://teams.cloud.microsoft/?loginHint=tamirdresher%40microsoft.com&ocdiRedirect=core-policy:15
[   11498ms] [WARNING] The icon "vNextDown" tried to unregister but was not registered. @ https://teams.cloud.microsoft/?loginHint=tamirdresher%40microsoft.com&ocdiRedirect=core-policy:15
[   11498ms] [WARNING] The icon "vNextDiversity" tried to unregister but was not registered. @ https://teams.cloud.microsoft/?loginHint=tamirdresher%40microsoft.com&ocdiRedirect=core-policy:15
[   11498ms] [WARNING] The icon "vNextDocumentOnePageLink" tried to unregister but was not registered. @ https://teams.cloud.microsoft/?loginHint=tamirdresher%40microsoft.com&ocdiRedirect=core-policy:15
[   11498ms] [WARNING] The icon "vNextDocumentPerson" tried to unregister but was not registered. @ https://teams.cloud.microsoft/?loginHint=tamirdresher%40microsoft.com&ocdiRedirect=core-policy:15
[   11498ms] [WARNING] The icon "vNextDrafts" tried to unregister but was not registered. @ https://teams.cloud.microsoft/?loginHint=tamirdresher%40microsoft.com&ocdiRedirect=core-policy:15
[   11498ms] [WARNING] The icon "vNextElevator" tried to unregister but was not registered. @ https://teams.cloud.microsoft/?loginHint=tamirdresher%40microsoft.com&ocdiRedirect=core-policy:15
[   11498ms] [WARNING] The icon "vNextEmi" tried to unregister but was not registered. @ https://teams.cloud.microsoft/?loginHint=tamirdresher%40microsoft.com&ocdiRedirect=core-policy:15
[   11498ms] [WARNING] The icon "vNextEmoji2" tried to unregister but was not registered. @ https://teams.cloud.microsoft/?loginHint=tamirdresher%40microsoft.com&ocdiRedirect=core-policy:15
[   11498ms] [WARNING] The icon "vNextError" tried to unregister but was not registered. @ https://teams.cloud.microsoft/?loginHint=tamirdresher%40microsoft.com&ocdiRedirect=core-policy:15
[   11498ms] [WARNING] The icon "vNextErrorBadge" tried to unregister but was not registered. @ https://teams.cloud.microsoft/?loginHint=tamirdresher%40microsoft.com&ocdiRedirect=core-policy:15
[   11498ms] [WARNING] The icon "vNextFax" tried to unregister but was not registered. @ https://teams.cloud.microsoft/?loginHint=tamirdresher%40microsoft.com&ocdiRedirect=core-policy:15
[   11498ms] [WARNING] The icon "vNextFeedback" tried to unregister but was not registered. @ https://teams.cloud.microsoft/?loginHint=tamirdresher%40microsoft.com&ocdiRedirect=core-policy:15
[   11498ms] [WARNING] The icon "vNextFeed" tried to unregister but was not registered. @ https://teams.cloud.microsoft/?loginHint=tamirdresher%40microsoft.com&ocdiRedirect=core-policy:15
[   11498ms] [WARNING] The icon "vNextFlag" tried to unregister but was not registered. @ https://teams.cloud.microsoft/?loginHint=tamirdresher%40microsoft.com&ocdiRedirect=core-policy:15
[   11499ms] [WARNING] The icon "vNextForward" tried to unregister but was not registered. @ https://teams.cloud.microsoft/?loginHint=tamirdresher%40microsoft.com&ocdiRedirect=core-policy:15
[   11499ms] [WARNING] The icon "vNextGlobeLocation" tried to unregister but was not registered. @ https://teams.cloud.microsoft/?loginHint=tamirdresher%40microsoft.com&ocdiRedirect=core-policy:15
[   11499ms] [WARNING] The icon "vNextGlobePerson" tried to unregister but was not registered. @ https://teams.cloud.microsoft/?loginHint=tamirdresher%40microsoft.com&ocdiRedirect=core-policy:15
[   11499ms] [WARNING] The icon "vNextHeart" tried to unregister but was not registered. @ https://teams.cloud.microsoft/?loginHint=tamirdresher%40microsoft.com&ocdiRedirect=core-policy:15
[   11499ms] [WARNING] The icon "vNextHelp" tried to unregister but was not registered. @ https://teams.cloud.microsoft/?loginHint=tamirdresher%40microsoft.com&ocdiRedirect=core-policy:15
[   11499ms] [WARNING] The icon "vNextHome" tried to unregister but was not registered. @ https://teams.cloud.microsoft/?loginHint=tamirdresher%40microsoft.com&ocdiRedirect=core-policy:15
[   11499ms] [WARNING] The icon "vNextHomePerson" tried to unregister but was not registered. @ https://teams.cloud.microsoft/?loginHint=tamirdresher%40microsoft.com&ocdiRedirect=core-policy:15
[   11499ms] [WARNING] The icon "vNextIDBadge" tried to unregister but was not registered. @ https://teams.cloud.microsoft/?loginHint=tamirdresher%40microsoft.com&ocdiRedirect=core-policy:15
[   11499ms] [WARNING] The icon "vNextImportant" tried to unregister but was not registered. @ https://teams.cloud.microsoft/?loginHint=tamirdresher%40microsoft.com&ocdiRedirect=core-policy:15
[   11499ms] [WARNING] The icon "vNextLaptop" tried to unregister but was not registered. @ https://teams.cloud.microsoft/?loginHint=tamirdresher%40microsoft.com&ocdiRedirect=core-policy:15
[   11499ms] [WARNING] The icon "vNextLaptopBriefcase" tried to unregister but was not registered. @ https://teams.cloud.microsoft/?loginHint=tamirdresher%40microsoft.com&ocdiRedirect=core-policy:15
[   11499ms] [WARNING] The icon "vNextLightbulb" tried to unregister but was not registered. @ https://teams.cloud.microsoft/?loginHint=tamirdresher%40microsoft.com&ocdiRedirect=core-policy:15
[   11499ms] [WARNING] The icon "vNextLightbulbFilament" tried to unregister but was not registered. @ https://teams.cloud.microsoft/?loginHint=tamirdresher%40microsoft.com&ocdiRedirect=core-policy:15
[   11499ms] [WARNING] The icon "vNextLocalLanguage" tried to unregister but was not registered. @ https://teams.cloud.microsoft/?loginHint=tamirdresher%40microsoft.com&ocdiRedirect=core-policy:15
[   11499ms] [WARNING] The icon "vNextLocationCheckmark" tried to unregister but was not registered. @ https://teams.cloud.microsoft/?loginHint=tamirdresher%40microsoft.com&ocdiRedirect=core-policy:15
[   11499ms] [WARNING] The icon "vNextLocationDot" tried to unregister but was not registered. @ https://teams.cloud.microsoft/?loginHint=tamirdresher%40microsoft.com&ocdiRedirect=core-policy:15
[   11499ms] [WARNING] The icon "vNextLocationRipple" tried to unregister but was not registered. @ https://teams.cloud.microsoft/?loginHint=tamirdresher%40microsoft.com&ocdiRedirect=core-policy:15
[   11499ms] [WARNING] The icon "vNextLock" tried to unregister but was not registered. @ https://teams.cloud.microsoft/?loginHint=tamirdresher%40microsoft.com&ocdiRedirect=core-policy:15
[   11499ms] [WARNING] The icon "vNextMapPin" tried to unregister but was not registered. @ https://teams.cloud.microsoft/?loginHint=tamirdresher%40microsoft.com&ocdiRedirect=core-policy:15
[   11499ms] [WARNING] The icon "vNextMap" tried to unregister but was not registered. @ https://teams.cloud.microsoft/?loginHint=tamirdresher%40microsoft.com&ocdiRedirect=core-policy:15
[   11499ms] [WARNING] The icon "vNextMicrophone" tried to unregister but was not registered. @ https://teams.cloud.microsoft/?loginHint=tamirdresher%40microsoft.com&ocdiRedirect=core-policy:15
[   11499ms] [WARNING] The icon "vNextMoney" tried to unregister but was not registered. @ https://teams.cloud.microsoft/?loginHint=tamirdresher%40microsoft.com&ocdiRedirect=core-policy:15
[   11499ms] [WARNING] The icon "vNextNumberSymbol" tried to unregister but was not registered. @ https://teams.cloud.microsoft/?loginHint=tamirdresher%40microsoft.com&ocdiRedirect=core-policy:15
[   11499ms] [WARNING] The icon "vNextNumberSymbolSquare" tried to unregister but was not registered. @ https://teams.cloud.microsoft/?loginHint=tamirdresher%40microsoft.com&ocdiRedirect=core-policy:15
[   11499ms] [WARNING] The icon "vNextOpen" tried to unregister but was not registered. @ https://teams.cloud.microsoft/?loginHint=tamirdresher%40microsoft.com&ocdiRedirect=core-policy:15
[   11499ms] [WARNING] The icon "vNextPeopleStar" tried to unregister but was not registered. @ https://teams.cloud.microsoft/?loginHint=tamirdresher%40microsoft.com&ocdiRedirect=core-policy:15
[   11499ms] [WARNING] The icon "vNextPeopleToolbox" tried to unregister but was not registered. @ https://teams.cloud.microsoft/?loginHint=tamirdresher%40microsoft.com&ocdiRedirect=core-policy:15
[   11500ms] [WARNING] The icon "vNextPersonAdd" tried to unregister but was not registered. @ https://teams.cloud.microsoft/?loginHint=tamirdresher%40microsoft.com&ocdiRedirect=core-policy:15
[   11500ms] [WARNING] The icon "vNextPersonAvailable" tried to unregister but was not registered. @ https://teams.cloud.microsoft/?loginHint=tamirdresher%40microsoft.com&ocdiRedirect=core-policy:15
[   11500ms] [WARNING] The icon "vNextPersonBriefcase" tried to unregister but was not registered. @ https://teams.cloud.microsoft/?loginHint=tamirdresher%40microsoft.com&ocdiRedirect=core-policy:15
[   11500ms] [WARNING] The icon "vNextPersonClock" tried to unregister but was not registered. @ https://teams.cloud.microsoft/?loginHint=tamirdresher%40microsoft.com&ocdiRedirect=core-policy:15
[   11500ms] [WARNING] The icon "vNextPersonHome" tried to unregister but was not registered. @ https://teams.cloud.microsoft/?loginHint=tamirdresher%40microsoft.com&ocdiRedirect=core-policy:15
[   11500ms] [WARNING] The icon "vNextPersonStar" tried to unregister but was not registered. @ https://teams.cloud.microsoft/?loginHint=tamirdresher%40microsoft.com&ocdiRedirect=core-policy:15
[   11500ms] [WARNING] The icon "vNextPersonSwap" tried to unregister but was not registered. @ https://teams.cloud.microsoft/?loginHint=tamirdresher%40microsoft.com&ocdiRedirect=core-policy:15
[   11500ms] [WARNING] The icon "vNextPersonTag" tried to unregister but was not registered. @ https://teams.cloud.microsoft/?loginHint=tamirdresher%40microsoft.com&ocdiRedirect=core-policy:15
[   11500ms] [WARNING] The icon "vNextPersonVoice" tried to unregister but was not registered. @ https://teams.cloud.microsoft/?loginHint=tamirdresher%40microsoft.com&ocdiRedirect=core-policy:15
[   11500ms] [WARNING] The icon "vNextPhoneShake" tried to unregister but was not registered. @ https://teams.cloud.microsoft/?loginHint=tamirdresher%40microsoft.com&ocdiRedirect=core-policy:15
[   11500ms] [WARNING] The icon "vNextNews" tried to unregister but was not registered. @ https://teams.cloud.microsoft/?loginHint=tamirdresher%40microsoft.com&ocdiRedirect=core-policy:15
[   11500ms] [WARNING] The icon "vNextPlay" tried to unregister but was not registered. @ https://teams.cloud.microsoft/?loginHint=tamirdresher%40microsoft.com&ocdiRedirect=core-policy:15
[   11500ms] [WARNING] The icon "vNextPlaybackRate1x" tried to unregister but was not registered. @ https://teams.cloud.microsoft/?loginHint=tamirdresher%40microsoft.com&ocdiRedirect=core-policy:15
[   11500ms] [WARNING] The icon "vNextPronouns" tried to unregister but was not registered. @ https://teams.cloud.microsoft/?loginHint=tamirdresher%40microsoft.com&ocdiRedirect=core-policy:15
[   11500ms] [WARNING] The icon "vNextRemoveEvent" tried to unregister but was not registered. @ https://teams.cloud.microsoft/?loginHint=tamirdresher%40microsoft.com&ocdiRedirect=core-policy:15
[   11500ms] [WARNING] The icon "vNextSettings" tried to unregister but was not registered. @ https://teams.cloud.microsoft/?loginHint=tamirdresher%40microsoft.com&ocdiRedirect=core-policy:15
[   11500ms] [WARNING] The icon "vNextShieldError" tried to unregister but was not registered. @ https://teams.cloud.microsoft/?loginHint=tamirdresher%40microsoft.com&ocdiRedirect=core-policy:15
[   11500ms] [WARNING] The icon "vNextShiftsActivity" tried to unregister but was not registered. @ https://teams.cloud.microsoft/?loginHint=tamirdresher%40microsoft.com&ocdiRedirect=core-policy:15
[   11500ms] [WARNING] The icon "vNextShiftsTeam" tried to unregister but was not registered. @ https://teams.cloud.microsoft/?loginHint=tamirdresher%40microsoft.com&ocdiRedirect=core-policy:15
[   11500ms] [WARNING] The icon "vNextSingleColumnEdit" tried to unregister but was not registered. @ https://teams.cloud.microsoft/?loginHint=tamirdresher%40microsoft.com&ocdiRedirect=core-policy:15
[   11500ms] [WARNING] The icon "vNextSlideText" tried to unregister but was not registered. @ https://teams.cloud.microsoft/?loginHint=tamirdresher%40microsoft.com&ocdiRedirect=core-policy:15
[   11500ms] [WARNING] The icon "vNextSlideTextEdit" tried to unregister but was not registered. @ https://teams.cloud.microsoft/?loginHint=tamirdresher%40microsoft.com&ocdiRedirect=core-policy:15
[   11500ms] [WARNING] The icon "vNextSlideTextPerson" tried to unregister but was not registered. @ https://teams.cloud.microsoft/?loginHint=tamirdresher%40microsoft.com&ocdiRedirect=core-policy:15
[   11500ms] [WARNING] The icon "vNextSpace3D" tried to unregister but was not registered. @ https://teams.cloud.microsoft/?loginHint=tamirdresher%40microsoft.com&ocdiRedirect=core-policy:15
[   11500ms] [WARNING] The icon "vNextSubscribe" tried to unregister but was not registered. @ https://teams.cloud.microsoft/?loginHint=tamirdresher%40microsoft.com&ocdiRedirect=core-policy:15
[   11501ms] [WARNING] The icon "vNextTag" tried to unregister but was not registered. @ https://teams.cloud.microsoft/?loginHint=tamirdresher%40microsoft.com&ocdiRedirect=core-policy:15
[   11501ms] [WARNING] The icon "vNextTaskListSquarePerson" tried to unregister but was not registered. @ https://teams.cloud.microsoft/?loginHint=tamirdresher%40microsoft.com&ocdiRedirect=core-policy:15
[   11501ms] [WARNING] The icon "vNextTextBulletList" tried to unregister but was not registered. @ https://teams.cloud.microsoft/?loginHint=tamirdresher%40microsoft.com&ocdiRedirect=core-policy:15
[   11501ms] [WARNING] The icon "vNextThumbLike" tried to unregister but was not registered. @ https://teams.cloud.microsoft/?loginHint=tamirdresher%40microsoft.com&ocdiRedirect=core-policy:15
[   11501ms] [WARNING] The icon "vNextThumbDislike" tried to unregister but was not registered. @ https://teams.cloud.microsoft/?loginHint=tamirdresher%40microsoft.com&ocdiRedirect=core-policy:15
[   11501ms] [WARNING] The icon "vNextUnsubscribe" tried to unregister but was not registered. @ https://teams.cloud.microsoft/?loginHint=tamirdresher%40microsoft.com&ocdiRedirect=core-policy:15
[   11501ms] [WARNING] The icon "vNextVideoAdd" tried to unregister but was not registered. @ https://teams.cloud.microsoft/?loginHint=tamirdresher%40microsoft.com&ocdiRedirect=core-policy:15
[   11501ms] [WARNING] The icon "vNextVideoPeople" tried to unregister but was not registered. @ https://teams.cloud.microsoft/?loginHint=tamirdresher%40microsoft.com&ocdiRedirect=core-policy:15
[   11501ms] [WARNING] The icon "vNextWarning" tried to unregister but was not registered. @ https://teams.cloud.microsoft/?loginHint=tamirdresher%40microsoft.com&ocdiRedirect=core-policy:15
[   11501ms] [WARNING] The icon "vNextWork" tried to unregister but was not registered. @ https://teams.cloud.microsoft/?loginHint=tamirdresher%40microsoft.com&ocdiRedirect=core-policy:15
[   11501ms] [WARNING] The icon "VivaSalesLogo16Color" tried to unregister but was not registered. @ https://teams.cloud.microsoft/?loginHint=tamirdresher%40microsoft.com&ocdiRedirect=core-policy:15
[   11501ms] [WARNING] The icon "VivaSalesLogo16MonoFilled" tried to unregister but was not registered. @ https://teams.cloud.microsoft/?loginHint=tamirdresher%40microsoft.com&ocdiRedirect=core-policy:15
[   11501ms] [WARNING] The icon "VivaSalesLogo48Color" tried to unregister but was not registered. @ https://teams.cloud.microsoft/?loginHint=tamirdresher%40microsoft.com&ocdiRedirect=core-policy:15
[   11501ms] [WARNING] The icon "vNextSkypeCircleCheck" tried to unregister but was not registered. @ https://teams.cloud.microsoft/?loginHint=tamirdresher%40microsoft.com&ocdiRedirect=core-policy:15
[   11501ms] [WARNING] The icon "vNextPresenceAvailableOof" tried to unregister but was not registered. @ https://teams.cloud.microsoft/?loginHint=tamirdresher%40microsoft.com&ocdiRedirect=core-policy:15
[   11501ms] [WARNING] The icon "vNextSkypeCircleClock" tried to unregister but was not registered. @ https://teams.cloud.microsoft/?loginHint=tamirdresher%40microsoft.com&ocdiRedirect=core-policy:15
[   11501ms] [WARNING] The icon "vNextPresenceBlocked" tried to unregister but was not registered. @ https://teams.cloud.microsoft/?loginHint=tamirdresher%40microsoft.com&ocdiRedirect=core-policy:15
[   11502ms] [WARNING] The icon "vNextCircleShapeSolid" tried to unregister but was not registered. @ https://teams.cloud.microsoft/?loginHint=tamirdresher%40microsoft.com&ocdiRedirect=core-policy:15
[   11502ms] [WARNING] The icon "vNextPresenceBusyOof" tried to unregister but was not registered. @ https://teams.cloud.microsoft/?loginHint=tamirdresher%40microsoft.com&ocdiRedirect=core-policy:15
[   11502ms] [WARNING] The icon "vNextSkypeCircleMinus" tried to unregister but was not registered. @ https://teams.cloud.microsoft/?loginHint=tamirdresher%40microsoft.com&ocdiRedirect=core-policy:15
[   11502ms] [WARNING] The icon "vNextPresenceDndOof" tried to unregister but was not registered. @ https://teams.cloud.microsoft/?loginHint=tamirdresher%40microsoft.com&ocdiRedirect=core-policy:15
[   11502ms] [WARNING] The icon "vNextCircleRing" tried to unregister but was not registered. @ https://teams.cloud.microsoft/?loginHint=tamirdresher%40microsoft.com&ocdiRedirect=core-policy:15
[   11502ms] [WARNING] The icon "vNextPresenceOof" tried to unregister but was not registered. @ https://teams.cloud.microsoft/?loginHint=tamirdresher%40microsoft.com&ocdiRedirect=core-policy:15
[   11502ms] [WARNING] The icon "vNextPresenceUnknown" tried to unregister but was not registered. @ https://teams.cloud.microsoft/?loginHint=tamirdresher%40microsoft.com&ocdiRedirect=core-policy:15
[   11502ms] [WARNING] The icon "SkypeCheck" tried to unregister but was not registered. @ https://teams.cloud.microsoft/?loginHint=tamirdresher%40microsoft.com&ocdiRedirect=core-policy:15
[   11502ms] [WARNING] The icon "SkypeClock" tried to unregister but was not registered. @ https://teams.cloud.microsoft/?loginHint=tamirdresher%40microsoft.com&ocdiRedirect=core-policy:15
[   11502ms] [WARNING] The icon "SkypeMinus" tried to unregister but was not registered. @ https://teams.cloud.microsoft/?loginHint=tamirdresher%40microsoft.com&ocdiRedirect=core-policy:15
[   11502ms] [WARNING] The icon "SkypeArrow" tried to unregister but was not registered. @ https://teams.cloud.microsoft/?loginHint=tamirdresher%40microsoft.com&ocdiRedirect=core-policy:15
[   11504ms] [WARNING] The icon "vNextContactCard" tried to unregister but was not registered. @ https://teams.cloud.microsoft/?loginHint=tamirdresher%40microsoft.com&ocdiRedirect=core-policy:15
[   11505ms] [WARNING] The icon "vNextOpen" tried to unregister but was not registered. @ https://teams.cloud.microsoft/?loginHint=tamirdresher%40microsoft.com&ocdiRedirect=core-policy:15
[   11843ms] [ERROR] Unhandled error/rejection {"isTrusted":true} @ https://teams.cloud.microsoft/?loginHint=tamirdresher%40microsoft.com&ocdiRedirect=core-policy:15
[   11965ms] [ERROR] Unhandled error/rejection {"isTrusted":true} @ https://teams.cloud.microsoft/?loginHint=tamirdresher%40microsoft.com&ocdiRedirect=core-policy:15
[   12268ms] [WARNING] getSerializedKeyForKeypath returned undefined key in InMemoryIndex for table: profiles, with index: email @ https://statics.teams.cdn.office.net/teams-modular-packages/hashed-assets/precompiled-web-worker-inner~i-0424047bbf465f8b.worker.js:60
[   12270ms] [WARNING] getSerializedKeyForKeypath returned undefined key in InMemoryIndex for table: profiles, with index: email @ https://statics.teams.cdn.office.net/teams-modular-packages/hashed-assets/precompiled-web-worker-inner~i-0424047bbf465f8b.worker.js:60
[   12449ms] [WARNING] getSerializedKeyForKeypath returned undefined key in InMemoryIndex for table: profiles, with index: email @ https://statics.teams.cdn.office.net/teams-modular-packages/hashed-assets/precompiled-web-worker-inner~i-0424047bbf465f8b.worker.js:60
[   12463ms] Object
[   12574ms] [ERROR] Unhandled error/rejection {"isTrusted":true} @ https://teams.cloud.microsoft/?loginHint=tamirdresher%40microsoft.com&ocdiRedirect=core-policy:15
[   12581ms] Error: UPR: [object Object]
    at https://teams.cloud.microsoft/v2/worker/precompiled-web-worker-8632c4f7217c7383.js#{%22experienceName%22:%22react-web-client%22,%22ring%22:%22ring3_9%22,%22environment%22:%22prod%22,%22sessionId%22:%222c0de56a-f37a-4d45-9dae-c01276dfe996%22,%22platformId%22:1415,%22buildVersion%22:%2226020101120%22,%22localeCode%22:%22en-us%22,%22workerId%22:%22precore-worker%22,%22publicPath%22:%22https://statics.teams.cdn.office.net/teams-modular-packages/hashed-assets/%22,%22deviceId%22:%228a5658f5-b698-4e7b-92ec-a4d4d9cc307e%22,%22isOcdi%22:true,%22isPwa%22:false,%22workerChunkLoadMaxRetries%22:10,%22shouldFetchWorkerChunksBeforeImportScripts%22:false,%22useDiagnosticsServiceV2%22:true,%22turboCohort%22:%22%22,%22enableLazyLoadedWorker%22:true,%22workerCreationTime%22:1772487562185,%22preECSConsoleLogLevel%22:0}:3:709
[   13511ms] [WARNING] Some icons were re-registered. Applications should only call registerIcons for any given icon once. Redefining what an icon is may have unintended consequences. Duplicates include: 
vNextContactCard, vNextOpen, vNextContactCard, vNextOpen @ https://teams.cloud.microsoft/?loginHint=tamirdresher%40microsoft.com&ocdiRedirect=core-policy:15
[   13772ms] [WARNING] getSerializedKeyForKeypath returned undefined key in InMemoryIndex for table: profiles, with index: email @ https://statics.teams.cdn.office.net/teams-modular-packages/hashed-assets/precompiled-web-worker-inner~i-0424047bbf465f8b.worker.js:60
[   14311ms] [WARNING] getSerializedKeyForKeypath returned undefined key in InMemoryIndex for table: profiles, with index: email @ https://statics.teams.cdn.office.net/teams-modular-packages/hashed-assets/precompiled-web-worker-inner~i-0424047bbf465f8b.worker.js:60
[   14703ms] [WARNING] getSerializedKeyForKeypath returned undefined key in InMemoryIndex for table: profiles, with index: email @ https://statics.teams.cdn.office.net/teams-modular-packages/hashed-assets/precompiled-web-worker-inner~i-0424047bbf465f8b.worker.js:60
[   15064ms] [WARNING] getSerializedKeyForKeypath returned undefined key in InMemoryIndex for table: profiles, with index: email @ https://statics.teams.cdn.office.net/teams-modular-packages/hashed-assets/precompiled-web-worker-inner~i-0424047bbf465f8b.worker.js:60
[   15637ms] [WARNING] getSerializedKeyForKeypath returned undefined key in InMemoryIndex for table: profiles, with index: email @ https://statics.teams.cdn.office.net/teams-modular-packages/hashed-assets/precompiled-web-worker-inner~i-0424047bbf465f8b.worker.js:60
[   15637ms] [WARNING] getSerializedKeyForKeypath returned undefined key in InMemoryIndex for table: profiles, with index: email @ https://statics.teams.cdn.office.net/teams-modular-packages/hashed-assets/precompiled-web-worker-inner~i-0424047bbf465f8b.worker.js:60
[   15643ms] [WARNING] getSerializedKeyForKeypath returned undefined key in InMemoryIndex for table: profiles, with index: email @ https://statics.teams.cdn.office.net/teams-modular-packages/hashed-assets/precompiled-web-worker-inner~i-0424047bbf465f8b.worker.js:60
[   15643ms] [WARNING] getSerializedKeyForKeypath returned undefined key in InMemoryIndex for table: profiles, with index: email @ https://statics.teams.cdn.office.net/teams-modular-packages/hashed-assets/precompiled-web-worker-inner~i-0424047bbf465f8b.worker.js:60
[   15651ms] [WARNING] getSerializedKeyForKeypath returned undefined key in InMemoryIndex for table: profiles, with index: email @ https://statics.teams.cdn.office.net/teams-modular-packages/hashed-assets/precompiled-web-worker-inner~i-0424047bbf465f8b.worker.js:60
[   15663ms] [WARNING] Some icons were re-registered. Applications should only call registerIcons for any given icon once. Redefining what an icon is may have unintended consequences. Duplicates include: 
SkypeCheck, SkypeClock, SkypeMinus, SkypeArrow @ https://teams.cloud.microsoft/?loginHint=tamirdresher%40microsoft.com&ocdiRedirect=core-policy:15
[   15952ms] [WARNING] getSerializedKeyForKeypath returned undefined key in InMemoryIndex for table: profiles, with index: email @ https://statics.teams.cdn.office.net/teams-modular-packages/hashed-assets/precompiled-web-worker-inner~i-0424047bbf465f8b.worker.js:60
[   16236ms] [WARNING] getSerializedKeyForKeypath returned undefined key in InMemoryIndex for table: profiles, with index: email @ https://statics.teams.cdn.office.net/teams-modular-packages/hashed-assets/precompiled-web-worker-inner~i-0424047bbf465f8b.worker.js:60
[   16955ms] [WARNING] getSerializedKeyForKeypath returned undefined key in InMemoryIndex for table: profiles, with index: email @ https://statics.teams.cdn.office.net/teams-modular-packages/hashed-assets/precompiled-web-worker-inner~i-0424047bbf465f8b.worker.js:60
[   16955ms] [WARNING] getSerializedKeyForKeypath returned undefined key in InMemoryIndex for table: profiles, with index: email @ https://statics.teams.cdn.office.net/teams-modular-packages/hashed-assets/precompiled-web-worker-inner~i-0424047bbf465f8b.worker.js:60
[   16955ms] [WARNING] getSerializedKeyForKeypath returned undefined key in InMemoryIndex for table: profiles, with index: email @ https://statics.teams.cdn.office.net/teams-modular-packages/hashed-assets/precompiled-web-worker-inner~i-0424047bbf465f8b.worker.js:60
[   16955ms] [WARNING] getSerializedKeyForKeypath returned undefined key in InMemoryIndex for table: profiles, with index: email @ https://statics.teams.cdn.office.net/teams-modular-packages/hashed-assets/precompiled-web-worker-inner~i-0424047bbf465f8b.worker.js:60
[   16955ms] [WARNING] getSerializedKeyForKeypath returned undefined key in InMemoryIndex for table: profiles, with index: email @ https://statics.teams.cdn.office.net/teams-modular-packages/hashed-assets/precompiled-web-worker-inner~i-0424047bbf465f8b.worker.js:60
[   16955ms] [WARNING] getSerializedKeyForKeypath returned undefined key in InMemoryIndex for table: profiles, with index: email @ https://statics.teams.cdn.office.net/teams-modular-packages/hashed-assets/precompiled-web-worker-inner~i-0424047bbf465f8b.worker.js:60
[   16955ms] [WARNING] getSerializedKeyForKeypath returned undefined key in InMemoryIndex for table: profiles, with index: email @ https://statics.teams.cdn.office.net/teams-modular-packages/hashed-assets/precompiled-web-worker-inner~i-0424047bbf465f8b.worker.js:60
[   16955ms] [WARNING] getSerializedKeyForKeypath returned undefined key in InMemoryIndex for table: profiles, with index: email @ https://statics.teams.cdn.office.net/teams-modular-packages/hashed-assets/precompiled-web-worker-inner~i-0424047bbf465f8b.worker.js:60
[   16956ms] [WARNING] getSerializedKeyForKeypath returned undefined key in InMemoryIndex for table: profiles, with index: email @ https://statics.teams.cdn.office.net/teams-modular-packages/hashed-assets/precompiled-web-worker-inner~i-0424047bbf465f8b.worker.js:60
[   16956ms] [WARNING] getSerializedKeyForKeypath returned undefined key in InMemoryIndex for table: profiles, with index: email @ https://statics.teams.cdn.office.net/teams-modular-packages/hashed-assets/precompiled-web-worker-inner~i-0424047bbf465f8b.worker.js:60
[   16956ms] [WARNING] getSerializedKeyForKeypath returned undefined key in InMemoryIndex for table: profiles, with index: email @ https://statics.teams.cdn.office.net/teams-modular-packages/hashed-assets/precompiled-web-worker-inner~i-0424047bbf465f8b.worker.js:60
[   16956ms] [WARNING] getSerializedKeyForKeypath returned undefined key in InMemoryIndex for table: profiles, with index: email @ https://statics.teams.cdn.office.net/teams-modular-packages/hashed-assets/precompiled-web-worker-inner~i-0424047bbf465f8b.worker.js:60
[   16956ms] [WARNING] getSerializedKeyForKeypath returned undefined key in InMemoryIndex for table: profiles, with index: email @ https://statics.teams.cdn.office.net/teams-modular-packages/hashed-assets/precompiled-web-worker-inner~i-0424047bbf465f8b.worker.js:60
[   16956ms] [WARNING] getSerializedKeyForKeypath returned undefined key in InMemoryIndex for table: profiles, with index: email @ https://statics.teams.cdn.office.net/teams-modular-packages/hashed-assets/precompiled-web-worker-inner~i-0424047bbf465f8b.worker.js:60
[   16956ms] [WARNING] getSerializedKeyForKeypath returned undefined key in InMemoryIndex for table: profiles, with index: email @ https://statics.teams.cdn.office.net/teams-modular-packages/hashed-assets/precompiled-web-worker-inner~i-0424047bbf465f8b.worker.js:60
[   16956ms] [WARNING] getSerializedKeyForKeypath returned undefined key in InMemoryIndex for table: profiles, with index: email @ https://statics.teams.cdn.office.net/teams-modular-packages/hashed-assets/precompiled-web-worker-inner~i-0424047bbf465f8b.worker.js:60
[   16956ms] [WARNING] getSerializedKeyForKeypath returned undefined key in InMemoryIndex for table: profiles, with index: email @ https://statics.teams.cdn.office.net/teams-modular-packages/hashed-assets/precompiled-web-worker-inner~i-0424047bbf465f8b.worker.js:60
[   16956ms] [WARNING] getSerializedKeyForKeypath returned undefined key in InMemoryIndex for table: profiles, with index: email @ https://statics.teams.cdn.office.net/teams-modular-packages/hashed-assets/precompiled-web-worker-inner~i-0424047bbf465f8b.worker.js:60
[   16956ms] [WARNING] getSerializedKeyForKeypath returned undefined key in InMemoryIndex for table: profiles, with index: email @ https://statics.teams.cdn.office.net/teams-modular-packages/hashed-assets/precompiled-web-worker-inner~i-0424047bbf465f8b.worker.js:60
[   16957ms] [WARNING] getSerializedKeyForKeypath returned undefined key in InMemoryIndex for table: profiles, with index: email @ https://statics.teams.cdn.office.net/teams-modular-packages/hashed-assets/precompiled-web-worker-inner~i-0424047bbf465f8b.worker.js:60
[   16957ms] [WARNING] getSerializedKeyForKeypath returned undefined key in InMemoryIndex for table: profiles, with index: email @ https://statics.teams.cdn.office.net/teams-modular-packages/hashed-assets/precompiled-web-worker-inner~i-0424047bbf465f8b.worker.js:60
[   16957ms] [WARNING] getSerializedKeyForKeypath returned undefined key in InMemoryIndex for table: profiles, with index: email @ https://statics.teams.cdn.office.net/teams-modular-packages/hashed-assets/precompiled-web-worker-inner~i-0424047bbf465f8b.worker.js:60
[   16957ms] [WARNING] getSerializedKeyForKeypath returned undefined key in InMemoryIndex for table: profiles, with index: email @ https://statics.teams.cdn.office.net/teams-modular-packages/hashed-assets/precompiled-web-worker-inner~i-0424047bbf465f8b.worker.js:60
[   16957ms] [WARNING] getSerializedKeyForKeypath returned undefined key in InMemoryIndex for table: profiles, with index: email @ https://statics.teams.cdn.office.net/teams-modular-packages/hashed-assets/precompiled-web-worker-inner~i-0424047bbf465f8b.worker.js:60
[   16957ms] [WARNING] getSerializedKeyForKeypath returned undefined key in InMemoryIndex for table: profiles, with index: email @ https://statics.teams.cdn.office.net/teams-modular-packages/hashed-assets/precompiled-web-worker-inner~i-0424047bbf465f8b.worker.js:60
[   16957ms] [WARNING] getSerializedKeyForKeypath returned undefined key in InMemoryIndex for table: profiles, with index: email @ https://statics.teams.cdn.office.net/teams-modular-packages/hashed-assets/precompiled-web-worker-inner~i-0424047bbf465f8b.worker.js:60
[   16957ms] [WARNING] getSerializedKeyForKeypath returned undefined key in InMemoryIndex for table: profiles, with index: email @ https://statics.teams.cdn.office.net/teams-modular-packages/hashed-assets/precompiled-web-worker-inner~i-0424047bbf465f8b.worker.js:60
[   16957ms] [WARNING] getSerializedKeyForKeypath returned undefined key in InMemoryIndex for table: profiles, with index: email @ https://statics.teams.cdn.office.net/teams-modular-packages/hashed-assets/precompiled-web-worker-inner~i-0424047bbf465f8b.worker.js:60
[   16958ms] [WARNING] getSerializedKeyForKeypath returned undefined key in InMemoryIndex for table: profiles, with index: email @ https://statics.teams.cdn.office.net/teams-modular-packages/hashed-assets/precompiled-web-worker-inner~i-0424047bbf465f8b.worker.js:60
[   16958ms] [WARNING] getSerializedKeyForKeypath returned undefined key in InMemoryIndex for table: profiles, with index: email @ https://statics.teams.cdn.office.net/teams-modular-packages/hashed-assets/precompiled-web-worker-inner~i-0424047bbf465f8b.worker.js:60
[   16958ms] [WARNING] getSerializedKeyForKeypath returned undefined key in InMemoryIndex for table: profiles, with index: email @ https://statics.teams.cdn.office.net/teams-modular-packages/hashed-assets/precompiled-web-worker-inner~i-0424047bbf465f8b.worker.js:60
[   16959ms] [WARNING] getSerializedKeyForKeypath returned undefined key in InMemoryIndex for table: profiles, with index: email @ https://statics.teams.cdn.office.net/teams-modular-packages/hashed-assets/precompiled-web-worker-inner~i-0424047bbf465f8b.worker.js:60
[   16960ms] [WARNING] getSerializedKeyForKeypath returned undefined key in InMemoryIndex for table: profiles, with index: email @ https://statics.teams.cdn.office.net/teams-modular-packages/hashed-assets/precompiled-web-worker-inner~i-0424047bbf465f8b.worker.js:60
[   16960ms] [WARNING] getSerializedKeyForKeypath returned undefined key in InMemoryIndex for table: profiles, with index: email @ https://statics.teams.cdn.office.net/teams-modular-packages/hashed-assets/precompiled-web-worker-inner~i-0424047bbf465f8b.worker.js:60
[   16960ms] [WARNING] getSerializedKeyForKeypath returned undefined key in InMemoryIndex for table: profiles, with index: email @ https://statics.teams.cdn.office.net/teams-modular-packages/hashed-assets/precompiled-web-worker-inner~i-0424047bbf465f8b.worker.js:60
[   16961ms] [WARNING] getSerializedKeyForKeypath returned undefined key in InMemoryIndex for table: profiles, with index: email @ https://statics.teams.cdn.office.net/teams-modular-packages/hashed-assets/precompiled-web-worker-inner~i-0424047bbf465f8b.worker.js:60
[   17029ms] [WARNING] getSerializedKeyForKeypath returned undefined key in InMemoryIndex for table: profiles, with index: email @ https://statics.teams.cdn.office.net/teams-modular-packages/hashed-assets/precompiled-web-worker-inner~i-0424047bbf465f8b.worker.js:60
[   17030ms] [WARNING] getSerializedKeyForKeypath returned undefined key in InMemoryIndex for table: profiles, with index: email @ https://statics.teams.cdn.office.net/teams-modular-packages/hashed-assets/precompiled-web-worker-inner~i-0424047bbf465f8b.worker.js:60
[   17031ms] [WARNING] getSerializedKeyForKeypath returned undefined key in InMemoryIndex for table: profiles, with index: email @ https://statics.teams.cdn.office.net/teams-modular-packages/hashed-assets/precompiled-web-worker-inner~i-0424047bbf465f8b.worker.js:60
[   17031ms] [WARNING] getSerializedKeyForKeypath returned undefined key in InMemoryIndex for table: profiles, with index: email @ https://statics.teams.cdn.office.net/teams-modular-packages/hashed-assets/precompiled-web-worker-inner~i-0424047bbf465f8b.worker.js:60
[   17031ms] [WARNING] getSerializedKeyForKeypath returned undefined key in InMemoryIndex for table: profiles, with index: email @ https://statics.teams.cdn.office.net/teams-modular-packages/hashed-assets/precompiled-web-worker-inner~i-0424047bbf465f8b.worker.js:60
[   17032ms] [WARNING] getSerializedKeyForKeypath returned undefined key in InMemoryIndex for table: profiles, with index: email @ https://statics.teams.cdn.office.net/teams-modular-packages/hashed-assets/precompiled-web-worker-inner~i-0424047bbf465f8b.worker.js:60
[   17032ms] [WARNING] getSerializedKeyForKeypath returned undefined key in InMemoryIndex for table: profiles, with index: email @ https://statics.teams.cdn.office.net/teams-modular-packages/hashed-assets/precompiled-web-worker-inner~i-0424047bbf465f8b.worker.js:60
[   17032ms] [WARNING] getSerializedKeyForKeypath returned undefined key in InMemoryIndex for table: profiles, with index: email @ https://statics.teams.cdn.office.net/teams-modular-packages/hashed-assets/precompiled-web-worker-inner~i-0424047bbf465f8b.worker.js:60
[   17033ms] [WARNING] getSerializedKeyForKeypath returned undefined key in InMemoryIndex for table: profiles, with index: email @ https://statics.teams.cdn.office.net/teams-modular-packages/hashed-assets/precompiled-web-worker-inner~i-0424047bbf465f8b.worker.js:60
[   17033ms] [WARNING] getSerializedKeyForKeypath returned undefined key in InMemoryIndex for table: profiles, with index: email @ https://statics.teams.cdn.office.net/teams-modular-packages/hashed-assets/precompiled-web-worker-inner~i-0424047bbf465f8b.worker.js:60
[   17033ms] [WARNING] getSerializedKeyForKeypath returned undefined key in InMemoryIndex for table: profiles, with index: email @ https://statics.teams.cdn.office.net/teams-modular-packages/hashed-assets/precompiled-web-worker-inner~i-0424047bbf465f8b.worker.js:60
[   17033ms] [WARNING] getSerializedKeyForKeypath returned undefined key in InMemoryIndex for table: profiles, with index: email @ https://statics.teams.cdn.office.net/teams-modular-packages/hashed-assets/precompiled-web-worker-inner~i-0424047bbf465f8b.worker.js:60
[   17034ms] [WARNING] getSerializedKeyForKeypath returned undefined key in InMemoryIndex for table: profiles, with index: email @ https://statics.teams.cdn.office.net/teams-modular-packages/hashed-assets/precompiled-web-worker-inner~i-0424047bbf465f8b.worker.js:60
[   17034ms] [WARNING] getSerializedKeyForKeypath returned undefined key in InMemoryIndex for table: profiles, with index: email @ https://statics.teams.cdn.office.net/teams-modular-packages/hashed-assets/precompiled-web-worker-inner~i-0424047bbf465f8b.worker.js:60
[   17038ms] [WARNING] getSerializedKeyForKeypath returned undefined key in InMemoryIndex for table: profiles, with index: email @ https://statics.teams.cdn.office.net/teams-modular-packages/hashed-assets/precompiled-web-worker-inner~i-0424047bbf465f8b.worker.js:60
[   17038ms] [WARNING] getSerializedKeyForKeypath returned undefined key in InMemoryIndex for table: profiles, with index: email @ https://statics.teams.cdn.office.net/teams-modular-packages/hashed-assets/precompiled-web-worker-inner~i-0424047bbf465f8b.worker.js:60
[   17043ms] [WARNING] getSerializedKeyForKeypath returned undefined key in InMemoryIndex for table: profiles, with index: email @ https://statics.teams.cdn.office.net/teams-modular-packages/hashed-assets/precompiled-web-worker-inner~i-0424047bbf465f8b.worker.js:60
[   17043ms] [WARNING] getSerializedKeyForKeypath returned undefined key in InMemoryIndex for table: profiles, with index: email @ https://statics.teams.cdn.office.net/teams-modular-packages/hashed-assets/precompiled-web-worker-inner~i-0424047bbf465f8b.worker.js:60
[   17055ms] [WARNING] getSerializedKeyForKeypath returned undefined key in InMemoryIndex for table: profiles, with index: email @ https://statics.teams.cdn.office.net/teams-modular-packages/hashed-assets/precompiled-web-worker-inner~i-0424047bbf465f8b.worker.js:60
[   17055ms] [WARNING] getSerializedKeyForKeypath returned undefined key in InMemoryIndex for table: profiles, with index: email @ https://statics.teams.cdn.office.net/teams-modular-packages/hashed-assets/precompiled-web-worker-inner~i-0424047bbf465f8b.worker.js:60
[   17059ms] [WARNING] getSerializedKeyForKeypath returned undefined key in InMemoryIndex for table: profiles, with index: email @ https://statics.teams.cdn.office.net/teams-modular-packages/hashed-assets/precompiled-web-worker-inner~i-0424047bbf465f8b.worker.js:60
[   17060ms] [WARNING] getSerializedKeyForKeypath returned undefined key in InMemoryIndex for table: profiles, with index: email @ https://statics.teams.cdn.office.net/teams-modular-packages/hashed-assets/precompiled-web-worker-inner~i-0424047bbf465f8b.worker.js:60
[   17064ms] [WARNING] getSerializedKeyForKeypath returned undefined key in InMemoryIndex for table: profiles, with index: email @ https://statics.teams.cdn.office.net/teams-modular-packages/hashed-assets/precompiled-web-worker-inner~i-0424047bbf465f8b.worker.js:60
[   17064ms] [WARNING] getSerializedKeyForKeypath returned undefined key in InMemoryIndex for table: profiles, with index: email @ https://statics.teams.cdn.office.net/teams-modular-packages/hashed-assets/precompiled-web-worker-inner~i-0424047bbf465f8b.worker.js:60
[   17068ms] [WARNING] getSerializedKeyForKeypath returned undefined key in InMemoryIndex for table: profiles, with index: email @ https://statics.teams.cdn.office.net/teams-modular-packages/hashed-assets/precompiled-web-worker-inner~i-0424047bbf465f8b.worker.js:60
[   17068ms] [WARNING] getSerializedKeyForKeypath returned undefined key in InMemoryIndex for table: profiles, with index: email @ https://statics.teams.cdn.office.net/teams-modular-packages/hashed-assets/precompiled-web-worker-inner~i-0424047bbf465f8b.worker.js:60
[   17073ms] [WARNING] getSerializedKeyForKeypath returned undefined key in InMemoryIndex for table: profiles, with index: email @ https://statics.teams.cdn.office.net/teams-modular-packages/hashed-assets/precompiled-web-worker-inner~i-0424047bbf465f8b.worker.js:60
[   17073ms] [WARNING] getSerializedKeyForKeypath returned undefined key in InMemoryIndex for table: profiles, with index: email @ https://statics.teams.cdn.office.net/teams-modular-packages/hashed-assets/precompiled-web-worker-inner~i-0424047bbf465f8b.worker.js:60
[   17077ms] [WARNING] getSerializedKeyForKeypath returned undefined key in InMemoryIndex for table: profiles, with index: email @ https://statics.teams.cdn.office.net/teams-modular-packages/hashed-assets/precompiled-web-worker-inner~i-0424047bbf465f8b.worker.js:60
[   17077ms] [WARNING] getSerializedKeyForKeypath returned undefined key in InMemoryIndex for table: profiles, with index: email @ https://statics.teams.cdn.office.net/teams-modular-packages/hashed-assets/precompiled-web-worker-inner~i-0424047bbf465f8b.worker.js:60
[   17081ms] [WARNING] getSerializedKeyForKeypath returned undefined key in InMemoryIndex for table: profiles, with index: email @ https://statics.teams.cdn.office.net/teams-modular-packages/hashed-assets/precompiled-web-worker-inner~i-0424047bbf465f8b.worker.js:60
[   17081ms] [WARNING] getSerializedKeyForKeypath returned undefined key in InMemoryIndex for table: profiles, with index: email @ https://statics.teams.cdn.office.net/teams-modular-packages/hashed-assets/precompiled-web-worker-inner~i-0424047bbf465f8b.worker.js:60
[   17087ms] [WARNING] getSerializedKeyForKeypath returned undefined key in InMemoryIndex for table: profiles, with index: email @ https://statics.teams.cdn.office.net/teams-modular-packages/hashed-assets/precompiled-web-worker-inner~i-0424047bbf465f8b.worker.js:60
[   17087ms] [WARNING] getSerializedKeyForKeypath returned undefined key in InMemoryIndex for table: profiles, with index: email @ https://statics.teams.cdn.office.net/teams-modular-packages/hashed-assets/precompiled-web-worker-inner~i-0424047bbf465f8b.worker.js:60
[   17091ms] [WARNING] getSerializedKeyForKeypath returned undefined key in InMemoryIndex for table: profiles, with index: email @ https://statics.teams.cdn.office.net/teams-modular-packages/hashed-assets/precompiled-web-worker-inner~i-0424047bbf465f8b.worker.js:60
[   17092ms] [WARNING] getSerializedKeyForKeypath returned undefined key in InMemoryIndex for table: profiles, with index: email @ https://statics.teams.cdn.office.net/teams-modular-packages/hashed-assets/precompiled-web-worker-inner~i-0424047bbf465f8b.worker.js:60
[   17096ms] [WARNING] getSerializedKeyForKeypath returned undefined key in InMemoryIndex for table: profiles, with index: email @ https://statics.teams.cdn.office.net/teams-modular-packages/hashed-assets/precompiled-web-worker-inner~i-0424047bbf465f8b.worker.js:60
[   17097ms] [WARNING] getSerializedKeyForKeypath returned undefined key in InMemoryIndex for table: profiles, with index: email @ https://statics.teams.cdn.office.net/teams-modular-packages/hashed-assets/precompiled-web-worker-inner~i-0424047bbf465f8b.worker.js:60
[   17102ms] [WARNING] getSerializedKeyForKeypath returned undefined key in InMemoryIndex for table: profiles, with index: email @ https://statics.teams.cdn.office.net/teams-modular-packages/hashed-assets/precompiled-web-worker-inner~i-0424047bbf465f8b.worker.js:60
[   17102ms] [WARNING] getSerializedKeyForKeypath returned undefined key in InMemoryIndex for table: profiles, with index: email @ https://statics.teams.cdn.office.net/teams-modular-packages/hashed-assets/precompiled-web-worker-inner~i-0424047bbf465f8b.worker.js:60
[   17106ms] [WARNING] getSerializedKeyForKeypath returned undefined key in InMemoryIndex for table: profiles, with index: email @ https://statics.teams.cdn.office.net/teams-modular-packages/hashed-assets/precompiled-web-worker-inner~i-0424047bbf465f8b.worker.js:60
[   17107ms] [WARNING] getSerializedKeyForKeypath returned undefined key in InMemoryIndex for table: profiles, with index: email @ https://statics.teams.cdn.office.net/teams-modular-packages/hashed-assets/precompiled-web-worker-inner~i-0424047bbf465f8b.worker.js:60
[   17111ms] [WARNING] getSerializedKeyForKeypath returned undefined key in InMemoryIndex for table: profiles, with index: email @ https://statics.teams.cdn.office.net/teams-modular-packages/hashed-assets/precompiled-web-worker-inner~i-0424047bbf465f8b.worker.js:60
[   17112ms] [WARNING] getSerializedKeyForKeypath returned undefined key in InMemoryIndex for table: profiles, with index: email @ https://statics.teams.cdn.office.net/teams-modular-packages/hashed-assets/precompiled-web-worker-inner~i-0424047bbf465f8b.worker.js:60
[   17118ms] [WARNING] getSerializedKeyForKeypath returned undefined key in InMemoryIndex for table: profiles, with index: email @ https://statics.teams.cdn.office.net/teams-modular-packages/hashed-assets/precompiled-web-worker-inner~i-0424047bbf465f8b.worker.js:60
[   17118ms] [WARNING] getSerializedKeyForKeypath returned undefined key in InMemoryIndex for table: profiles, with index: email @ https://statics.teams.cdn.office.net/teams-modular-packages/hashed-assets/precompiled-web-worker-inner~i-0424047bbf465f8b.worker.js:60
[   17124ms] [WARNING] getSerializedKeyForKeypath returned undefined key in InMemoryIndex for table: profiles, with index: email @ https://statics.teams.cdn.office.net/teams-modular-packages/hashed-assets/precompiled-web-worker-inner~i-0424047bbf465f8b.worker.js:60
[   17124ms] [WARNING] getSerializedKeyForKeypath returned undefined key in InMemoryIndex for table: profiles, with index: email @ https://statics.teams.cdn.office.net/teams-modular-packages/hashed-assets/precompiled-web-worker-inner~i-0424047bbf465f8b.worker.js:60
[   17254ms] [WARNING] getSerializedKeyForKeypath returned undefined key in InMemoryIndex for table: profiles, with index: email @ https://statics.teams.cdn.office.net/teams-modular-packages/hashed-assets/precompiled-web-worker-inner~i-0424047bbf465f8b.worker.js:60
[   17254ms] [WARNING] getSerializedKeyForKeypath returned undefined key in InMemoryIndex for table: profiles, with index: email @ https://statics.teams.cdn.office.net/teams-modular-packages/hashed-assets/precompiled-web-worker-inner~i-0424047bbf465f8b.worker.js:60
[   17254ms] [WARNING] getSerializedKeyForKeypath returned undefined key in InMemoryIndex for table: profiles, with index: email @ https://statics.teams.cdn.office.net/teams-modular-packages/hashed-assets/precompiled-web-worker-inner~i-0424047bbf465f8b.worker.js:60
[   17254ms] [WARNING] getSerializedKeyForKeypath returned undefined key in InMemoryIndex for table: profiles, with index: email @ https://statics.teams.cdn.office.net/teams-modular-packages/hashed-assets/precompiled-web-worker-inner~i-0424047bbf465f8b.worker.js:60
[   17254ms] [WARNING] getSerializedKeyForKeypath returned undefined key in InMemoryIndex for table: profiles, with index: email @ https://statics.teams.cdn.office.net/teams-modular-packages/hashed-assets/precompiled-web-worker-inner~i-0424047bbf465f8b.worker.js:60
[   17254ms] [WARNING] getSerializedKeyForKeypath returned undefined key in InMemoryIndex for table: profiles, with index: email @ https://statics.teams.cdn.office.net/teams-modular-packages/hashed-assets/precompiled-web-worker-inner~i-0424047bbf465f8b.worker.js:60
[   17254ms] [WARNING] getSerializedKeyForKeypath returned undefined key in InMemoryIndex for table: profiles, with index: email @ https://statics.teams.cdn.office.net/teams-modular-packages/hashed-assets/precompiled-web-worker-inner~i-0424047bbf465f8b.worker.js:60
[   17255ms] [WARNING] getSerializedKeyForKeypath returned undefined key in InMemoryIndex for table: profiles, with index: email @ https://statics.teams.cdn.office.net/teams-modular-packages/hashed-assets/precompiled-web-worker-inner~i-0424047bbf465f8b.worker.js:60
[   17255ms] [WARNING] getSerializedKeyForKeypath returned undefined key in InMemoryIndex for table: profiles, with index: email @ https://statics.teams.cdn.office.net/teams-modular-packages/hashed-assets/precompiled-web-worker-inner~i-0424047bbf465f8b.worker.js:60
[   17255ms] [WARNING] getSerializedKeyForKeypath returned undefined key in InMemoryIndex for table: profiles, with index: email @ https://statics.teams.cdn.office.net/teams-modular-packages/hashed-assets/precompiled-web-worker-inner~i-0424047bbf465f8b.worker.js:60
[   17256ms] [WARNING] getSerializedKeyForKeypath returned undefined key in InMemoryIndex for table: profiles, with index: email @ https://statics.teams.cdn.office.net/teams-modular-packages/hashed-assets/precompiled-web-worker-inner~i-0424047bbf465f8b.worker.js:60
[   17256ms] [WARNING] getSerializedKeyForKeypath returned undefined key in InMemoryIndex for table: profiles, with index: email @ https://statics.teams.cdn.office.net/teams-modular-packages/hashed-assets/precompiled-web-worker-inner~i-0424047bbf465f8b.worker.js:60
[   17256ms] [WARNING] getSerializedKeyForKeypath returned undefined key in InMemoryIndex for table: profiles, with index: email @ https://statics.teams.cdn.office.net/teams-modular-packages/hashed-assets/precompiled-web-worker-inner~i-0424047bbf465f8b.worker.js:60
[   17256ms] [WARNING] getSerializedKeyForKeypath returned undefined key in InMemoryIndex for table: profiles, with index: email @ https://statics.teams.cdn.office.net/teams-modular-packages/hashed-assets/precompiled-web-worker-inner~i-0424047bbf465f8b.worker.js:60
[   17256ms] [WARNING] getSerializedKeyForKeypath returned undefined key in InMemoryIndex for table: profiles, with index: email @ https://statics.teams.cdn.office.net/teams-modular-packages/hashed-assets/precompiled-web-worker-inner~i-0424047bbf465f8b.worker.js:60
[   17256ms] [WARNING] getSerializedKeyForKeypath returned undefined key in InMemoryIndex for table: profiles, with index: email @ https://statics.teams.cdn.office.net/teams-modular-packages/hashed-assets/precompiled-web-worker-inner~i-0424047bbf465f8b.worker.js:60
[   17256ms] [WARNING] getSerializedKeyForKeypath returned undefined key in InMemoryIndex for table: profiles, with index: email @ https://statics.teams.cdn.office.net/teams-modular-packages/hashed-assets/precompiled-web-worker-inner~i-0424047bbf465f8b.worker.js:60
[   17256ms] [WARNING] getSerializedKeyForKeypath returned undefined key in InMemoryIndex for table: profiles, with index: email @ https://statics.teams.cdn.office.net/teams-modular-packages/hashed-assets/precompiled-web-worker-inner~i-0424047bbf465f8b.worker.js:60
[   17257ms] [WARNING] getSerializedKeyForKeypath returned undefined key in InMemoryIndex for table: profiles, with index: email @ https://statics.teams.cdn.office.net/teams-modular-packages/hashed-assets/precompiled-web-worker-inner~i-0424047bbf465f8b.worker.js:60
[   17257ms] [WARNING] getSerializedKeyForKeypath returned undefined key in InMemoryIndex for table: profiles, with index: email @ https://statics.teams.cdn.office.net/teams-modular-packages/hashed-assets/precompiled-web-worker-inner~i-0424047bbf465f8b.worker.js:60
[   17257ms] [WARNING] getSerializedKeyForKeypath returned undefined key in InMemoryIndex for table: profiles, with index: email @ https://statics.teams.cdn.office.net/teams-modular-packages/hashed-assets/precompiled-web-worker-inner~i-0424047bbf465f8b.worker.js:60
[   17257ms] [WARNING] getSerializedKeyForKeypath returned undefined key in InMemoryIndex for table: profiles, with index: email @ https://statics.teams.cdn.office.net/teams-modular-packages/hashed-assets/precompiled-web-worker-inner~i-0424047bbf465f8b.worker.js:60
[   17257ms] [WARNING] getSerializedKeyForKeypath returned undefined key in InMemoryIndex for table: profiles, with index: email @ https://statics.teams.cdn.office.net/teams-modular-packages/hashed-assets/precompiled-web-worker-inner~i-0424047bbf465f8b.worker.js:60
[   17257ms] [WARNING] getSerializedKeyForKeypath returned undefined key in InMemoryIndex for table: profiles, with index: email @ https://statics.teams.cdn.office.net/teams-modular-packages/hashed-assets/precompiled-web-worker-inner~i-0424047bbf465f8b.worker.js:60
[   17258ms] [WARNING] getSerializedKeyForKeypath returned undefined key in InMemoryIndex for table: profiles, with index: email @ https://statics.teams.cdn.office.net/teams-modular-packages/hashed-assets/precompiled-web-worker-inner~i-0424047bbf465f8b.worker.js:60
[   17258ms] [WARNING] getSerializedKeyForKeypath returned undefined key in InMemoryIndex for table: profiles, with index: email @ https://statics.teams.cdn.office.net/teams-modular-packages/hashed-assets/precompiled-web-worker-inner~i-0424047bbf465f8b.worker.js:60
