[     636ms] [ERROR] Failed to load resource: the server responded with a status of 403 () @ https://www.packtpub.com/en-us/help/contact:0
[     721ms] [ERROR] Failed to load resource: the server responded with a status of 403 () @ https://www.packtpub.com/cdn-cgi/speculation:0
[     721ms] [WARNING] Load failed or canceled (net::ERR_ABORTED; HTTP status 403) for rule set requested from "https://www.packtpub.com/cdn-cgi/speculation" found in Speculation-Rules header. @ https://www.packtpub.com/en-us/help/contact?__cf_chl_rt_tk=tyjUAzJoWwvyzHaPsOPTVl4L55LH5xC50xji4cJlFIU-1773595529-1.0.1.1-hRu0LcDP7E46cmnp7pfFXHdHKOJ5NM3mK9aOO2x_dHI:0
[    1912ms] [ERROR]  Note that 'script-src' was not explicitly set, so 'default-src' is used as a fallback. @ https://challenges.cloudflare.com/cdn-cgi/challenge-platform/h/g/turnstile/f/ov2/av0/rch/t27kj/0x4AAAAAAADnPIDROrmt1Wwj/light/fbE/new/normal?lang=auto:0
[    2631ms] [ERROR] Failed to load resource: the server responded with a status of 400 () @ https://challenges.cloudflare.com/cdn-cgi/challenge-platform/h/g/d/9dcd37c11cc9bb65/1773595530777/g5i1yyBwbB4ww_b:0
[    2708ms] [ERROR] Failed to load resource: the server responded with a status of 400 () @ https://challenges.cloudflare.com/cdn-cgi/challenge-platform/h/g/pat/9dcd37c11cc9bb65/1773595530777/d77d20e1095d1267558f96b8be742b32416f3a5f2a3e4708df477f9aed2dc36d/EjFyQpVt0lhKymb:0
[    2752ms] [ERROR] %c%d font-size:0;color:transparent NaN @ https://challenges.cloudflare.com/cdn-cgi/challenge-platform/h/g/turnstile/f/ov2/av0/rch/t27kj/0x4AAAAAAADnPIDROrmt1Wwj/light/fbE/new/normal?lang=auto:0
[    2752ms] [ERROR] %c%d font-size:0;color:transparent NaN @ https://challenges.cloudflare.com/cdn-cgi/challenge-platform/h/g/turnstile/f/ov2/av0/rch/t27kj/0x4AAAAAAADnPIDROrmt1Wwj/light/fbE/new/normal?lang=auto:0
[    2754ms] [WARNING] %c%d font-size:0;color:transparent NaN @ https://challenges.cloudflare.com/cdn-cgi/challenge-platform/h/g/turnstile/f/ov2/av0/rch/t27kj/0x4AAAAAAADnPIDROrmt1Wwj/light/fbE/new/normal?lang=auto:0
[    2754ms] [WARNING] %c%d font-size:0;color:transparent NaN @ https://challenges.cloudflare.com/cdn-cgi/challenge-platform/h/g/turnstile/f/ov2/av0/rch/t27kj/0x4AAAAAAADnPIDROrmt1Wwj/light/fbE/new/normal?lang=auto:0
[    5197ms] [ERROR] Failed to load resource: the server responded with a status of 400 () @ https://challenges.cloudflare.com/cdn-cgi/challenge-platform/h/g/flow/ov1/1735066086:1773592308:AsvImE3HaIz_w15OrUwNtSJ326QNuabIVoVXaWneVu0/9dcd37c11cc9bb65/.pN0eMxVqgXo8zPds6..A8inJLuFGDJm_4jg9edCZ1U-1773595530-1.2.1.1-_gTXEQ_KCS4GtYDK.fu0i3wWuhrFfERJRcn_6VWPo3OPEGkvymhort_RqCUchfVg:0
[    7414ms] [ERROR] Failed to load resource: the server responded with a status of 403 () @ https://www.packtpub.com/en-us/help/contact:0
[    7484ms] [ERROR] Failed to load resource: the server responded with a status of 403 () @ https://www.packtpub.com/cdn-cgi/speculation:0
[    7484ms] [WARNING] Load failed or canceled (net::ERR_ABORTED; HTTP status 403) for rule set requested from "https://www.packtpub.com/cdn-cgi/speculation" found in Speculation-Rules header. @ https://www.packtpub.com/en-us/help/contact?__cf_chl_rt_tk=kr6ilbx1tVq0qQkHHvPRvpCNrT8tza8aEHC8OVjJkF4-1773595536-1.0.1.1-nPGD7Cq27MazQHL5l_1atqyFjZAjRYLq76dSaHi9CWE:0
[    9372ms] [ERROR] %c%d font-size:0;color:transparent NaN @ https://challenges.cloudflare.com/cdn-cgi/challenge-platform/h/g/turnstile/f/ov2/av0/rch/8u6k7/0x4AAAAAAADnPIDROrmt1Wwj/light/fbE/new/normal?lang=auto:0
[    9372ms] [ERROR] %c%d font-size:0;color:transparent NaN @ https://challenges.cloudflare.com/cdn-cgi/challenge-platform/h/g/turnstile/f/ov2/av0/rch/8u6k7/0x4AAAAAAADnPIDROrmt1Wwj/light/fbE/new/normal?lang=auto:0
[    9373ms] [WARNING] %c%d font-size:0;color:transparent NaN @ https://challenges.cloudflare.com/cdn-cgi/challenge-platform/h/g/turnstile/f/ov2/av0/rch/8u6k7/0x4AAAAAAADnPIDROrmt1Wwj/light/fbE/new/normal?lang=auto:0
[    9373ms] [WARNING] %c%d font-size:0;color:transparent NaN @ https://challenges.cloudflare.com/cdn-cgi/challenge-platform/h/g/turnstile/f/ov2/av0/rch/8u6k7/0x4AAAAAAADnPIDROrmt1Wwj/light/fbE/new/normal?lang=auto:0
[    9576ms] [ERROR]  Note that 'script-src' was not explicitly set, so 'default-src' is used as a fallback. @ https://challenges.cloudflare.com/cdn-cgi/challenge-platform/h/g/turnstile/f/ov2/av0/rch/8u6k7/0x4AAAAAAADnPIDROrmt1Wwj/light/fbE/new/normal?lang=auto:0
[    9774ms] [ERROR] Failed to load resource: the server responded with a status of 401 () @ https://challenges.cloudflare.com/cdn-cgi/challenge-platform/h/g/pat/9dcd37eb3f923649/1773595537732/7b16fc1b22175c462f3a47fec902e8749905dfa6fdc611b5791042a2e51253d8/yPL_ah4YWaWeJUe:0
[   15067ms] [WARNING] The resource https://challenges.cloudflare.com/cdn-cgi/challenge-platform/h/g/cmg/1 was preloaded using link preload but not used within a few seconds from the window's load event. Please make sure it has an appropriate `as` value and it is preloaded intentionally. @ https://challenges.cloudflare.com/cdn-cgi/challenge-platform/h/g/turnstile/f/ov2/av0/rch/8u6k7/0x4AAAAAAADnPIDROrmt1Wwj/light/fbE/new/normal?lang=auto:0
