[    6410ms] [ERROR] Failed to load resource: the server responded with a status of 404 () @ https://web.mashov.info/api/idm/token:0
[   17771ms] [ERROR] %c%d font-size:0;color:transparent NaN @ https://challenges.cloudflare.com/cdn-cgi/challenge-platform/h/g/turnstile/f/ov2/av0/rch/fo9x2/0x4AAAAAACI5UnCCPR536XNv/auto/fbE/new/normal?lang=he:0
[   17771ms] [ERROR] %c%d font-size:0;color:transparent NaN @ https://challenges.cloudflare.com/cdn-cgi/challenge-platform/h/g/turnstile/f/ov2/av0/rch/fo9x2/0x4AAAAAACI5UnCCPR536XNv/auto/fbE/new/normal?lang=he:0
[   17772ms] [WARNING] %c%d font-size:0;color:transparent NaN @ https://challenges.cloudflare.com/cdn-cgi/challenge-platform/h/g/turnstile/f/ov2/av0/rch/fo9x2/0x4AAAAAACI5UnCCPR536XNv/auto/fbE/new/normal?lang=he:0
[   17772ms] [WARNING] %c%d font-size:0;color:transparent NaN @ https://challenges.cloudflare.com/cdn-cgi/challenge-platform/h/g/turnstile/f/ov2/av0/rch/fo9x2/0x4AAAAAACI5UnCCPR536XNv/auto/fbE/new/normal?lang=he:0
[   17802ms] [ERROR]  Note that 'script-src' was not explicitly set, so 'default-src' is used as a fallback. @ https://challenges.cloudflare.com/cdn-cgi/challenge-platform/h/g/turnstile/f/ov2/av0/rch/fo9x2/0x4AAAAAACI5UnCCPR536XNv/auto/fbE/new/normal?lang=he:0
[   18028ms] [ERROR] Failed to load resource: the server responded with a status of 400 () @ https://challenges.cloudflare.com/cdn-cgi/challenge-platform/h/g/pat/9dcc2e10f89c18ff/1773584648179/12fb51ede84fddd38fdd0150e815c6fed74ecb26c4eb71cdd74988dbe07a755f/YWxGOaxETQbdj65:0
[   18100ms] [ERROR] Failed to load resource: the server responded with a status of 400 () @ https://challenges.cloudflare.com/cdn-cgi/challenge-platform/h/g/d/9dcc2e10f89c18ff/1773584648179/j_IhD7kd7R-EFbx:0
[   20566ms] [ERROR] Failed to load resource: the server responded with a status of 401 () @ https://challenges.cloudflare.com/cdn-cgi/challenge-platform/h/g/pat/9dcc2e189f83d396/1773584649857/10ed86778749b3c4d23d23ba4a22d8921bcbffb3a3b4ddfc36f01fcca660c65c/ATRyg3gvBGMtmn3:0
[   20618ms] [ERROR] %c%d font-size:0;color:transparent NaN @ https://challenges.cloudflare.com/cdn-cgi/challenge-platform/h/g/turnstile/f/ov2/av0/rch/fo9x2/0x4AAAAAACI5UnCCPR536XNv/auto/fbE/api/normal?lang=he:0
[   20618ms] [ERROR] %c%d font-size:0;color:transparent NaN @ https://challenges.cloudflare.com/cdn-cgi/challenge-platform/h/g/turnstile/f/ov2/av0/rch/fo9x2/0x4AAAAAACI5UnCCPR536XNv/auto/fbE/api/normal?lang=he:0
[   20619ms] [WARNING] %c%d font-size:0;color:transparent NaN @ https://challenges.cloudflare.com/cdn-cgi/challenge-platform/h/g/turnstile/f/ov2/av0/rch/fo9x2/0x4AAAAAACI5UnCCPR536XNv/auto/fbE/api/normal?lang=he:0
[   20619ms] [WARNING] %c%d font-size:0;color:transparent NaN @ https://challenges.cloudflare.com/cdn-cgi/challenge-platform/h/g/turnstile/f/ov2/av0/rch/fo9x2/0x4AAAAAACI5UnCCPR536XNv/auto/fbE/api/normal?lang=he:0
[   20671ms] [ERROR]  Note that 'script-src' was not explicitly set, so 'default-src' is used as a fallback. @ https://challenges.cloudflare.com/cdn-cgi/challenge-platform/h/g/turnstile/f/ov2/av0/rch/fo9x2/0x4AAAAAACI5UnCCPR536XNv/auto/fbE/api/normal?lang=he:0
[   26119ms] [ERROR] Failed to load resource: the server responded with a status of 401 () @ https://challenges.cloudflare.com/cdn-cgi/challenge-platform/h/g/pat/9dcc2e3edeefd396/1773584655882/257770d8a1edcc69b4a1b54b5a043bf7cdacad2787b36cea5fdcddb376d83c2f/0y7Z4timjjZcqi0:0
[   26281ms] [ERROR]  Note that 'script-src' was not explicitly set, so 'default-src' is used as a fallback. @ https://challenges.cloudflare.com/cdn-cgi/challenge-platform/h/g/turnstile/f/ov2/av0/rch/fo9x2/0x4AAAAAACI5UnCCPR536XNv/auto/fbE/api/normal?lang=he:0
[   26450ms] [ERROR] %c%d font-size:0;color:transparent NaN @ https://challenges.cloudflare.com/cdn-cgi/challenge-platform/h/g/turnstile/f/ov2/av0/rch/fo9x2/0x4AAAAAACI5UnCCPR536XNv/auto/fbE/api/normal?lang=he:0
[   26450ms] [ERROR] %c%d font-size:0;color:transparent NaN @ https://challenges.cloudflare.com/cdn-cgi/challenge-platform/h/g/turnstile/f/ov2/av0/rch/fo9x2/0x4AAAAAACI5UnCCPR536XNv/auto/fbE/api/normal?lang=he:0
[   26451ms] [WARNING] %c%d font-size:0;color:transparent NaN @ https://challenges.cloudflare.com/cdn-cgi/challenge-platform/h/g/turnstile/f/ov2/av0/rch/fo9x2/0x4AAAAAACI5UnCCPR536XNv/auto/fbE/api/normal?lang=he:0
[   26451ms] [WARNING] %c%d font-size:0;color:transparent NaN @ https://challenges.cloudflare.com/cdn-cgi/challenge-platform/h/g/turnstile/f/ov2/av0/rch/fo9x2/0x4AAAAAACI5UnCCPR536XNv/auto/fbE/api/normal?lang=he:0
[   31695ms] [WARNING] The resource https://challenges.cloudflare.com/cdn-cgi/challenge-platform/h/g/cmg/1 was preloaded using link preload but not used within a few seconds from the window's load event. Please make sure it has an appropriate `as` value and it is preloaded intentionally. @ https://challenges.cloudflare.com/cdn-cgi/challenge-platform/h/g/turnstile/f/ov2/av0/rch/fo9x2/0x4AAAAAACI5UnCCPR536XNv/auto/fbE/api/normal?lang=he:0
[   38232ms] [ERROR] Failed to load resource: the server responded with a status of 404 () @ https://web.mashov.info/api/idm/token:0
[   38235ms] [ERROR] Bf @ https://web.mashov.info/students/main-M76AN44M.js:0
