[    2256ms] [WARNING] Unsatisfied version ^4.17.21 from fast of shared singleton module lodash/isEmpty (required ^4.17.21) @ https://portal.microsofticm.com/imp/v5/fast/remoteEntry.js:0
[    2260ms] [WARNING] Unsatisfied version ^22.5.1 from fast of shared singleton module i18next (required ^22.5.1) @ https://portal.microsofticm.com/imp/v5/fast/remoteEntry.js:0
[    2262ms] [WARNING] Unsatisfied version ^4.17.21 from fast of shared singleton module lodash/isBoolean (required ^4.17.21) @ https://portal.microsofticm.com/imp/v5/fast/remoteEntry.js:0
[    2264ms] [WARNING] Unsatisfied version ^1.11.7 from fast of shared singleton module dayjs (required ^1.11.7) @ https://portal.microsofticm.com/imp/v5/fast/remoteEntry.js:0
[    2266ms] [WARNING] Unsatisfied version ^1.11.7 from fast of shared singleton module dayjs/plugin/utc (required ^1.11.7) @ https://portal.microsofticm.com/imp/v5/fast/remoteEntry.js:0
[    2267ms] [WARNING] Unsatisfied version ^1.11.7 from fast of shared singleton module dayjs/plugin/duration (required ^1.11.7) @ https://portal.microsofticm.com/imp/v5/fast/remoteEntry.js:0
[    2269ms] [WARNING] Unsatisfied version ^1.11.7 from fast of shared singleton module dayjs/plugin/timezone (required ^1.11.7) @ https://portal.microsofticm.com/imp/v5/fast/remoteEntry.js:0
[    2271ms] [WARNING] Unsatisfied version ^1.11.7 from fast of shared singleton module dayjs/plugin/advancedFormat (required ^1.11.7) @ https://portal.microsofticm.com/imp/v5/fast/remoteEntry.js:0
[    2272ms] [WARNING] Unsatisfied version ^3.3.1 from fast of shared singleton module dompurify (required ^3.3.1) @ https://portal.microsofticm.com/imp/v5/fast/remoteEntry.js:0
[    2274ms] [WARNING] Unsatisfied version ^0.30.2 from fast of shared singleton module axios (required ~0.30.2) @ https://portal.microsofticm.com/imp/v5/fast/remoteEntry.js:0
[    2275ms] [WARNING] Unsatisfied version ^4.35.3 from fast of shared singleton module @tanstack/react-query (required ^4.35.3) @ https://portal.microsofticm.com/imp/v5/fast/remoteEntry.js:0
[    2275ms] [WARNING] Unsatisfied version 17.0.2 from Microsoft.AzureAd.Icm.Portal.vNext of shared singleton module react (required ^18.3.1) @ https://portal.microsofticm.com/imp/v5/fast/remoteEntry.js:0
[    2276ms] [WARNING] Unsatisfied version ^4.17.21 from fast of shared singleton module lodash/camelCase (required ^4.17.21) @ https://portal.microsofticm.com/imp/v5/fast/remoteEntry.js:0
[    2276ms] [WARNING] Unsatisfied version ^4.17.21 from fast of shared singleton module lodash/isNumber (required ^4.17.21) @ https://portal.microsofticm.com/imp/v5/fast/remoteEntry.js:0
[    2276ms] [WARNING] Unsatisfied version ^0.2.2 from fast of shared singleton module axios-cancel (required ~0.2.2) @ https://portal.microsofticm.com/imp/v5/fast/remoteEntry.js:0
[    2277ms] [WARNING] Unsatisfied version ^4.17.21 from fast of shared singleton module lodash (required ^4.17.21) @ https://portal.microsofticm.com/imp/v5/fast/remoteEntry.js:0
[    2277ms] [WARNING] Unsatisfied version ^4.17.21 from fast of shared singleton module lodash/chunk (required ^4.17.21) @ https://portal.microsofticm.com/imp/v5/fast/remoteEntry.js:0
[    2278ms] [WARNING] Unsatisfied version ^6.7.0 from fast of shared singleton module odata-query (required ^6.7.0) @ https://portal.microsofticm.com/imp/v5/fast/remoteEntry.js:0
[    2279ms] [WARNING] Unsatisfied version ^2.8.11 from fast of shared singleton module @microsoft/applicationinsights-web (required ^2.8.11) @ https://portal.microsofticm.com/imp/v5/fast/remoteEntry.js:0
[    2279ms] [WARNING] Unsatisfied version ^2.2.1 from fast of shared singleton module i18next-http-backend (required ^2.2.1) @ https://portal.microsofticm.com/imp/v5/fast/remoteEntry.js:0
[    2280ms] [WARNING] Unsatisfied version ^1.1.2 from fast of shared singleton module i18next-resources-to-backend (required ^1.1.2) @ https://portal.microsofticm.com/imp/v5/fast/remoteEntry.js:0
[    2280ms] [WARNING] Unsatisfied version ^4.2.0 from fast of shared singleton module i18next-chained-backend (required ^4.2.0) @ https://portal.microsofticm.com/imp/v5/fast/remoteEntry.js:0
[    2282ms] [WARNING] Unsatisfied version ^2.2.2 from fast of shared singleton module @fluentui/web-components (required ^2.2.2) @ https://portal.microsofticm.com/imp/v5/fast/remoteEntry.js:0
[    2284ms] [WARNING] Unsatisfied version ^4.17.21 from fast of shared singleton module lodash/debounce (required ^4.17.21) @ https://portal.microsofticm.com/imp/v5/fast/remoteEntry.js:0
[    2285ms] [WARNING] Unsatisfied version ^4.17.21 from fast of shared singleton module lodash/uniqBy (required ^4.17.21) @ https://portal.microsofticm.com/imp/v5/fast/remoteEntry.js:0
[    2287ms] [WARNING] Unsatisfied version ^3.0.1119 from fast of shared singleton module @elixir/telemetry-js (required ^3.0.1119) @ https://portal.microsofticm.com/imp/v5/fast/remoteEntry.js:0
[    2289ms] [WARNING] Unsatisfied version ^4.17.21 from fast of shared singleton module lodash/isUndefined (required ^4.17.21) @ https://portal.microsofticm.com/imp/v5/fast/remoteEntry.js:0
[    2290ms] [WARNING] Unsatisfied version ^3.0.15 from fast of shared singleton module @elixir/cxp-assets (required ^3.0.15) @ https://portal.microsofticm.com/imp/v5/fast/remoteEntry.js:0
[   12066ms] [WARNING] AI: CannotSerializeObjectNonSerializable message:"Attempting to serialize an object which does not implement ISerializable" props:"{name:baseData}" @ https://az416426.vo.msecnd.net/scripts/a/ai.0.js:0
[   12071ms] Uncaught TypeError: Cannot read properties of undefined (reading 'classList')
    at <anonymous> (https://icmcdn.akamaized.net/imp/v3/bundle/vendor-5f8a798114271a4c4af7.js:1:1622989)
    at <anonymous> (https://icmcdn.akamaized.net/imp/v3/bundle/vendor-5f8a798114271a4c4af7.js:1:1622949)
    at <anonymous> (https://icmcdn.akamaized.net/imp/v3/bundle/vendor-5f8a798114271a4c4af7.js:1:1622688)
