[     134ms] [ERROR] [fx]  2:26:40 PM MsPortalImpl/UI/Compositions/UI.Composition.Blade UI.Composition.Blade: Blade '{ Name: Blade, Type: [0]Microsoft_Azure_Web-[1]WebsiteMenuBlade, Id: Blade-WebsiteMenuBlade-2be6db0f-adfb-412f-87d1-8c14fc73b031 }' has been turned to error mode. Details: Unable to locate blade 'WebsiteMenuBlade'. Search path:'[0]Microsoft_Azure_Web-[1]WebsiteMenuBlade'. {error: Object} {details: Unable to locate blade 'WebsiteMenuBlade'. Search path:'[0]Microsoft_Azure_Web-[1]WebsiteMenuBlade'., resourceId: undefined, status: undefined, stack: Error: Unable to locate blade 'WebsiteMenuBlade'. …zure.com/Content/Dynamic/tvaYHLbcZVVo.js:48:4685)} @ https://ms.portal.azure.com/Content/Dynamic/RY7U3rRQMEqR.js:0
[     205ms] [ERROR] [fx]  2:26:40 PM MsPortalFx.Base.Diagnostics.ErrorReporter 1 MsPortalFx.Base.Diagnostics.ErrorReporter: baseTypes: ["y","MsPortalFx.Errors.Error"]
data: 0
errorLevel: 2
extension: fx
innerErrors: []
message: Unable to locate extension 'Microsoft_Azure_Web'. Search path:'[0]Microsoft_Azure_Web'.
name: Error
source: Extension/Microsoft_Azure_Web
stack: Error: Unable to locate extension 'Microsoft_Azure_Web'. Search path:'[0]Microsoft_Azure_Web'.
    at w.locateAsync (https://ms.portal.azure.com/Content/Dynamic/tvaYHLbcZVVo.js:48:4857)
    at M.locateAsync (https://ms.portal.azure.com/Content/Dynamic/tvaYHLbcZVVo.js:48:7735)
    at Ae._compose (https://ms.portal.azure.com/Content/Dynamic/fxwTQIt77fkf.js:7:22254)
    at Ae.compose (https://ms.portal.azure.com/Content/Dynamic/tvaYHLbcZVVo.js:348:2112)
    at Object.addBlade (https://ms.portal.azure.com/Content/Dynamic/tvaYHLbcZVVo.js:268:1221)
    at https://ms.portal.azure.com/Content/Dynamic/tvaYHLbcZVVo.js:269:4546
    at Object._changeJourney (https://ms.portal.azure.com/Content/Dynamic/tvaYHLbcZVVo.js:269:1796)
    at Object.createJourney (https://ms.portal.azure.com/Content/Dynamic/tvaYHLbcZVVo.js:269:4376)
    at Object.openBlade (https://ms.portal.azure.com/Content/Dynamic/tvaYHLbcZVVo.js:269:2862)
timestamp: 39060
type: y
 {error: Object} @ https://ms.portal.azure.com/Content/Dynamic/RY7U3rRQMEqR.js:0
[     206ms] [ERROR] [fx]  2:26:40 PM MsPortalFx.Base.Diagnostics.ErrorReporter 1 MsPortalFx.Base.Diagnostics.ErrorReporter: baseTypes: ["y","MsPortalFx.Errors.Error"]
data: 1
errorLevel: 2
extension: fx
innerErrors: ["baseTypes: [\"y\",\"MsPortalFx.Errors.Error\"]\r\ndata: 0\r\nerrorLevel: 2\r\nextension: fx\r\ninnerErrors: []\r\nmessage: Unable to locate extension 'Microsoft_Azure_Web'. Search path:'[0]Microsoft_Azure_Web'.\r\nname: Error\r\nsource: Extension/Microsoft_Azure_Web\r\nstack: Error: Unable to locate extension 'Microsoft_Azure_Web'. Search path:'[0]Microsoft_Azure_Web'.\n    at w.locateAsync (https://ms.portal.azure.com/Content/Dynamic/tvaYHLbcZVVo.js:48:4857)\n    at w.locateAsync (https://ms.portal.azure.com/Content/Dynamic/tvaYHLbcZVVo.js:48:4587)\n    at M.locateAsync (https://ms.portal.azure.com/Content/Dynamic/tvaYHLbcZVVo.js:48:7735)\n    at https://ms.portal.azure.com/Content/Dynamic/fxwTQIt77fkf.js:7:22106\r\ntimestamp: 39079\r\ntype: y\r\n"]
message: Unable to locate blade 'WebsiteMenuBlade'. Search path:'[0]Microsoft_Azure_Web-[1]WebsiteMenuBlade'.
name: Error
source: Extension/Microsoft_Azure_Web/Blade/WebsiteMenuBlade
stack: Error: Unable to locate blade 'WebsiteMenuBlade'. Search path:'[0]Microsoft_Azure_Web-[1]WebsiteMenuBlade'.
    at w.locateAsync (https://ms.portal.azure.com/Content/Dynamic/tvaYHLbcZVVo.js:48:4685)
timestamp: 39079
type: y
 {error: Object} @ https://ms.portal.azure.com/Content/Dynamic/RY7U3rRQMEqR.js:0
